ARM GAS  C:\Users\HENRYK~1\AppData\Local\Temp\ccEOdti9.s 			page 1


   1              		.syntax unified
   2              		.cpu cortex-m3
   3              		.fpu softvfp
   4              		.eabi_attribute 20, 1
   5              		.eabi_attribute 21, 1
   6              		.eabi_attribute 23, 3
   7              		.eabi_attribute 24, 1
   8              		.eabi_attribute 25, 1
   9              		.eabi_attribute 26, 1
  10              		.eabi_attribute 30, 6
  11              		.eabi_attribute 34, 1
  12              		.eabi_attribute 18, 4
  13              		.thumb
  14              		.syntax unified
  15              		.file	"cyfitter_cfg.c"
  16              		.text
  17              	.Ltext0:
  18              		.cfi_sections	.debug_frame
  19              		.section	.text.CYMEMZERO,"ax",%progbits
  20              		.align	2
  21              		.thumb
  22              		.thumb_func
  23              		.type	CYMEMZERO, %function
  24              	CYMEMZERO:
  25              	.LFB0:
  26              		.file 1 "Generated_Source\\PSoC5\\cyfitter_cfg.c"
   1:Generated_Source\PSoC5/cyfitter_cfg.c **** 
   2:Generated_Source\PSoC5/cyfitter_cfg.c **** /*******************************************************************************
   3:Generated_Source\PSoC5/cyfitter_cfg.c **** * File Name: cyfitter_cfg.c
   4:Generated_Source\PSoC5/cyfitter_cfg.c **** * 
   5:Generated_Source\PSoC5/cyfitter_cfg.c **** * PSoC Creator  4.2
   6:Generated_Source\PSoC5/cyfitter_cfg.c **** *
   7:Generated_Source\PSoC5/cyfitter_cfg.c **** * Description:
   8:Generated_Source\PSoC5/cyfitter_cfg.c **** * This file contains device initialization code.
   9:Generated_Source\PSoC5/cyfitter_cfg.c **** * Except for the user defined sections in CyClockStartupError(), this file should not be modified.
  10:Generated_Source\PSoC5/cyfitter_cfg.c **** * This file is automatically generated by PSoC Creator.
  11:Generated_Source\PSoC5/cyfitter_cfg.c **** *
  12:Generated_Source\PSoC5/cyfitter_cfg.c **** ********************************************************************************
  13:Generated_Source\PSoC5/cyfitter_cfg.c **** * Copyright (c) 2007-2018 Cypress Semiconductor.  All rights reserved.
  14:Generated_Source\PSoC5/cyfitter_cfg.c **** * You may use this file only in accordance with the license, terms, conditions, 
  15:Generated_Source\PSoC5/cyfitter_cfg.c **** * disclaimers, and limitations in the end user license agreement accompanying 
  16:Generated_Source\PSoC5/cyfitter_cfg.c **** * the software package with which this file was provided.
  17:Generated_Source\PSoC5/cyfitter_cfg.c **** ********************************************************************************/
  18:Generated_Source\PSoC5/cyfitter_cfg.c **** 
  19:Generated_Source\PSoC5/cyfitter_cfg.c **** #include <string.h>
  20:Generated_Source\PSoC5/cyfitter_cfg.c **** #include "cytypes.h"
  21:Generated_Source\PSoC5/cyfitter_cfg.c **** #include "cydevice_trm.h"
  22:Generated_Source\PSoC5/cyfitter_cfg.c **** #include "cyfitter.h"
  23:Generated_Source\PSoC5/cyfitter_cfg.c **** #include "CyLib.h"
  24:Generated_Source\PSoC5/cyfitter_cfg.c **** #include "cyfitter_cfg.h"
  25:Generated_Source\PSoC5/cyfitter_cfg.c **** #include "cyapicallbacks.h"
  26:Generated_Source\PSoC5/cyfitter_cfg.c **** 
  27:Generated_Source\PSoC5/cyfitter_cfg.c **** #define CY_NEED_CYCLOCKSTARTUPERROR 1
  28:Generated_Source\PSoC5/cyfitter_cfg.c **** 
  29:Generated_Source\PSoC5/cyfitter_cfg.c **** 
  30:Generated_Source\PSoC5/cyfitter_cfg.c **** #if defined(__GNUC__) || defined(__ARMCC_VERSION)
  31:Generated_Source\PSoC5/cyfitter_cfg.c ****     #define CYPACKED 
ARM GAS  C:\Users\HENRYK~1\AppData\Local\Temp\ccEOdti9.s 			page 2


  32:Generated_Source\PSoC5/cyfitter_cfg.c ****     #define CYPACKED_ATTR __attribute__ ((packed))
  33:Generated_Source\PSoC5/cyfitter_cfg.c ****     #define CYALIGNED __attribute__ ((aligned))
  34:Generated_Source\PSoC5/cyfitter_cfg.c ****     #define CY_CFG_UNUSED __attribute__ ((unused))
  35:Generated_Source\PSoC5/cyfitter_cfg.c ****     #ifndef CY_CFG_SECTION
  36:Generated_Source\PSoC5/cyfitter_cfg.c ****         #define CY_CFG_SECTION __attribute__ ((section(".psocinit")))
  37:Generated_Source\PSoC5/cyfitter_cfg.c ****     #endif
  38:Generated_Source\PSoC5/cyfitter_cfg.c ****     
  39:Generated_Source\PSoC5/cyfitter_cfg.c ****     #if defined(__ARMCC_VERSION)
  40:Generated_Source\PSoC5/cyfitter_cfg.c ****         #define CY_CFG_MEMORY_BARRIER() __memory_changed()
  41:Generated_Source\PSoC5/cyfitter_cfg.c ****     #else
  42:Generated_Source\PSoC5/cyfitter_cfg.c ****         #define CY_CFG_MEMORY_BARRIER() __sync_synchronize()
  43:Generated_Source\PSoC5/cyfitter_cfg.c ****     #endif
  44:Generated_Source\PSoC5/cyfitter_cfg.c ****     
  45:Generated_Source\PSoC5/cyfitter_cfg.c **** #elif defined(__ICCARM__)
  46:Generated_Source\PSoC5/cyfitter_cfg.c ****     #include <intrinsics.h>
  47:Generated_Source\PSoC5/cyfitter_cfg.c **** 
  48:Generated_Source\PSoC5/cyfitter_cfg.c ****     #define CYPACKED __packed
  49:Generated_Source\PSoC5/cyfitter_cfg.c ****     #define CYPACKED_ATTR 
  50:Generated_Source\PSoC5/cyfitter_cfg.c ****     #define CYALIGNED _Pragma("data_alignment=4")
  51:Generated_Source\PSoC5/cyfitter_cfg.c ****     #define CY_CFG_UNUSED _Pragma("diag_suppress=Pe177")
  52:Generated_Source\PSoC5/cyfitter_cfg.c ****     #define CY_CFG_SECTION _Pragma("location=\".psocinit\"")
  53:Generated_Source\PSoC5/cyfitter_cfg.c ****     
  54:Generated_Source\PSoC5/cyfitter_cfg.c ****     #define CY_CFG_MEMORY_BARRIER() __DMB()
  55:Generated_Source\PSoC5/cyfitter_cfg.c ****     
  56:Generated_Source\PSoC5/cyfitter_cfg.c **** #else
  57:Generated_Source\PSoC5/cyfitter_cfg.c ****     #error Unsupported toolchain
  58:Generated_Source\PSoC5/cyfitter_cfg.c **** #endif
  59:Generated_Source\PSoC5/cyfitter_cfg.c **** 
  60:Generated_Source\PSoC5/cyfitter_cfg.c **** #ifndef CYCODE
  61:Generated_Source\PSoC5/cyfitter_cfg.c ****     #define CYCODE
  62:Generated_Source\PSoC5/cyfitter_cfg.c **** #endif
  63:Generated_Source\PSoC5/cyfitter_cfg.c **** #ifndef CYDATA
  64:Generated_Source\PSoC5/cyfitter_cfg.c ****     #define CYDATA
  65:Generated_Source\PSoC5/cyfitter_cfg.c **** #endif
  66:Generated_Source\PSoC5/cyfitter_cfg.c **** #ifndef CYFAR
  67:Generated_Source\PSoC5/cyfitter_cfg.c ****     #define CYFAR
  68:Generated_Source\PSoC5/cyfitter_cfg.c **** #endif
  69:Generated_Source\PSoC5/cyfitter_cfg.c **** #ifndef CYXDATA
  70:Generated_Source\PSoC5/cyfitter_cfg.c ****     #define CYXDATA
  71:Generated_Source\PSoC5/cyfitter_cfg.c **** #endif
  72:Generated_Source\PSoC5/cyfitter_cfg.c **** 
  73:Generated_Source\PSoC5/cyfitter_cfg.c **** #if defined(__ARMCC_VERSION)
  74:Generated_Source\PSoC5/cyfitter_cfg.c ****     extern unsigned int Load$$LR$$CYCONFIGECC$$Base;
  75:Generated_Source\PSoC5/cyfitter_cfg.c ****     #pragma diag_suppress 170,1296
  76:Generated_Source\PSoC5/cyfitter_cfg.c ****     #define CYDEV_ECC_VIRT_BASE 0x80000000
  77:Generated_Source\PSoC5/cyfitter_cfg.c ****     #define CYAPP_ECC_OFFSET ((uint32)&Load$$LR$$CYCONFIGECC$$Base - CYDEV_ECC_VIRT_BASE)
  78:Generated_Source\PSoC5/cyfitter_cfg.c **** #elif defined (__GNUC__) || defined (__ICCARM__)
  79:Generated_Source\PSoC5/cyfitter_cfg.c ****     extern int CY_ECC_OFFSET;
  80:Generated_Source\PSoC5/cyfitter_cfg.c ****     #define CYAPP_ECC_OFFSET ((uint32)&CY_ECC_OFFSET)
  81:Generated_Source\PSoC5/cyfitter_cfg.c **** #endif
  82:Generated_Source\PSoC5/cyfitter_cfg.c **** 
  83:Generated_Source\PSoC5/cyfitter_cfg.c **** CY_CFG_UNUSED
  84:Generated_Source\PSoC5/cyfitter_cfg.c **** static void CYMEMZERO(void *s, size_t n);
  85:Generated_Source\PSoC5/cyfitter_cfg.c **** CY_CFG_UNUSED
  86:Generated_Source\PSoC5/cyfitter_cfg.c **** static void CYMEMZERO(void *s, size_t n)
  87:Generated_Source\PSoC5/cyfitter_cfg.c **** {
  27              		.loc 1 87 0
ARM GAS  C:\Users\HENRYK~1\AppData\Local\Temp\ccEOdti9.s 			page 3


  28              		.cfi_startproc
  29              		@ args = 0, pretend = 0, frame = 8
  30              		@ frame_needed = 1, uses_anonymous_args = 0
  31 0000 80B5     		push	{r7, lr}
  32              		.cfi_def_cfa_offset 8
  33              		.cfi_offset 7, -8
  34              		.cfi_offset 14, -4
  35 0002 82B0     		sub	sp, sp, #8
  36              		.cfi_def_cfa_offset 16
  37 0004 00AF     		add	r7, sp, #0
  38              		.cfi_def_cfa_register 7
  39 0006 7860     		str	r0, [r7, #4]
  40 0008 3960     		str	r1, [r7]
  88:Generated_Source\PSoC5/cyfitter_cfg.c **** 	(void)memset(s, 0, n);
  41              		.loc 1 88 0
  42 000a 3A68     		ldr	r2, [r7]
  43 000c 0021     		movs	r1, #0
  44 000e 7868     		ldr	r0, [r7, #4]
  45 0010 FFF7FEFF 		bl	memset
  89:Generated_Source\PSoC5/cyfitter_cfg.c **** }
  46              		.loc 1 89 0
  47 0014 00BF     		nop
  48 0016 0837     		adds	r7, r7, #8
  49              		.cfi_def_cfa_offset 8
  50 0018 BD46     		mov	sp, r7
  51              		.cfi_def_cfa_register 13
  52              		@ sp needed
  53 001a 80BD     		pop	{r7, pc}
  54              		.cfi_endproc
  55              	.LFE0:
  56              		.size	CYMEMZERO, .-CYMEMZERO
  57              		.section	.text.CYCONFIGCPY,"ax",%progbits
  58              		.align	2
  59              		.thumb
  60              		.thumb_func
  61              		.type	CYCONFIGCPY, %function
  62              	CYCONFIGCPY:
  63              	.LFB1:
  90:Generated_Source\PSoC5/cyfitter_cfg.c **** CY_CFG_UNUSED
  91:Generated_Source\PSoC5/cyfitter_cfg.c **** static void CYCONFIGCPY(void *dest, const void *src, size_t n);
  92:Generated_Source\PSoC5/cyfitter_cfg.c **** CY_CFG_UNUSED
  93:Generated_Source\PSoC5/cyfitter_cfg.c **** static void CYCONFIGCPY(void *dest, const void *src, size_t n)
  94:Generated_Source\PSoC5/cyfitter_cfg.c **** {
  64              		.loc 1 94 0
  65              		.cfi_startproc
  66              		@ args = 0, pretend = 0, frame = 16
  67              		@ frame_needed = 1, uses_anonymous_args = 0
  68 0000 80B5     		push	{r7, lr}
  69              		.cfi_def_cfa_offset 8
  70              		.cfi_offset 7, -8
  71              		.cfi_offset 14, -4
  72 0002 84B0     		sub	sp, sp, #16
  73              		.cfi_def_cfa_offset 24
  74 0004 00AF     		add	r7, sp, #0
  75              		.cfi_def_cfa_register 7
  76 0006 F860     		str	r0, [r7, #12]
  77 0008 B960     		str	r1, [r7, #8]
ARM GAS  C:\Users\HENRYK~1\AppData\Local\Temp\ccEOdti9.s 			page 4


  78 000a 7A60     		str	r2, [r7, #4]
  95:Generated_Source\PSoC5/cyfitter_cfg.c **** 	(void)memcpy(dest, src, n);
  79              		.loc 1 95 0
  80 000c 7A68     		ldr	r2, [r7, #4]
  81 000e B968     		ldr	r1, [r7, #8]
  82 0010 F868     		ldr	r0, [r7, #12]
  83 0012 FFF7FEFF 		bl	memcpy
  96:Generated_Source\PSoC5/cyfitter_cfg.c **** }
  84              		.loc 1 96 0
  85 0016 00BF     		nop
  86 0018 1037     		adds	r7, r7, #16
  87              		.cfi_def_cfa_offset 8
  88 001a BD46     		mov	sp, r7
  89              		.cfi_def_cfa_register 13
  90              		@ sp needed
  91 001c 80BD     		pop	{r7, pc}
  92              		.cfi_endproc
  93              	.LFE1:
  94              		.size	CYCONFIGCPY, .-CYCONFIGCPY
  95 001e 00BF     		.section	.text.CYCONFIGCPYCODE,"ax",%progbits
  96              		.align	2
  97              		.thumb
  98              		.thumb_func
  99              		.type	CYCONFIGCPYCODE, %function
 100              	CYCONFIGCPYCODE:
 101              	.LFB2:
  97:Generated_Source\PSoC5/cyfitter_cfg.c **** CY_CFG_UNUSED
  98:Generated_Source\PSoC5/cyfitter_cfg.c **** static void CYCONFIGCPYCODE(void *dest, const void *src, size_t n);
  99:Generated_Source\PSoC5/cyfitter_cfg.c **** CY_CFG_UNUSED
 100:Generated_Source\PSoC5/cyfitter_cfg.c **** static void CYCONFIGCPYCODE(void *dest, const void *src, size_t n)
 101:Generated_Source\PSoC5/cyfitter_cfg.c **** {
 102              		.loc 1 101 0
 103              		.cfi_startproc
 104              		@ args = 0, pretend = 0, frame = 16
 105              		@ frame_needed = 1, uses_anonymous_args = 0
 106 0000 80B5     		push	{r7, lr}
 107              		.cfi_def_cfa_offset 8
 108              		.cfi_offset 7, -8
 109              		.cfi_offset 14, -4
 110 0002 84B0     		sub	sp, sp, #16
 111              		.cfi_def_cfa_offset 24
 112 0004 00AF     		add	r7, sp, #0
 113              		.cfi_def_cfa_register 7
 114 0006 F860     		str	r0, [r7, #12]
 115 0008 B960     		str	r1, [r7, #8]
 116 000a 7A60     		str	r2, [r7, #4]
 102:Generated_Source\PSoC5/cyfitter_cfg.c **** 	(void)memcpy(dest, src, n);
 117              		.loc 1 102 0
 118 000c 7A68     		ldr	r2, [r7, #4]
 119 000e B968     		ldr	r1, [r7, #8]
 120 0010 F868     		ldr	r0, [r7, #12]
 121 0012 FFF7FEFF 		bl	memcpy
 103:Generated_Source\PSoC5/cyfitter_cfg.c **** }
 122              		.loc 1 103 0
 123 0016 00BF     		nop
 124 0018 1037     		adds	r7, r7, #16
 125              		.cfi_def_cfa_offset 8
ARM GAS  C:\Users\HENRYK~1\AppData\Local\Temp\ccEOdti9.s 			page 5


 126 001a BD46     		mov	sp, r7
 127              		.cfi_def_cfa_register 13
 128              		@ sp needed
 129 001c 80BD     		pop	{r7, pc}
 130              		.cfi_endproc
 131              	.LFE2:
 132              		.size	CYCONFIGCPYCODE, .-CYCONFIGCPYCODE
 133 001e 00BF     		.section	.text.CyClockStartupError,"ax",%progbits
 134              		.align	2
 135              		.thumb
 136              		.thumb_func
 137              		.type	CyClockStartupError, %function
 138              	CyClockStartupError:
 139              	.LFB3:
 104:Generated_Source\PSoC5/cyfitter_cfg.c **** 
 105:Generated_Source\PSoC5/cyfitter_cfg.c **** 
 106:Generated_Source\PSoC5/cyfitter_cfg.c **** 
 107:Generated_Source\PSoC5/cyfitter_cfg.c **** 
 108:Generated_Source\PSoC5/cyfitter_cfg.c **** /* Clock startup error codes                                                   */
 109:Generated_Source\PSoC5/cyfitter_cfg.c **** #define CYCLOCKSTART_NO_ERROR    0u
 110:Generated_Source\PSoC5/cyfitter_cfg.c **** #define CYCLOCKSTART_XTAL_ERROR  1u
 111:Generated_Source\PSoC5/cyfitter_cfg.c **** #define CYCLOCKSTART_32KHZ_ERROR 2u
 112:Generated_Source\PSoC5/cyfitter_cfg.c **** #define CYCLOCKSTART_PLL_ERROR   3u
 113:Generated_Source\PSoC5/cyfitter_cfg.c **** #define CYCLOCKSTART_FLL_ERROR   4u
 114:Generated_Source\PSoC5/cyfitter_cfg.c **** #define CYCLOCKSTART_WCO_ERROR   5u
 115:Generated_Source\PSoC5/cyfitter_cfg.c **** 
 116:Generated_Source\PSoC5/cyfitter_cfg.c **** 
 117:Generated_Source\PSoC5/cyfitter_cfg.c **** #ifdef CY_NEED_CYCLOCKSTARTUPERROR
 118:Generated_Source\PSoC5/cyfitter_cfg.c **** /*******************************************************************************
 119:Generated_Source\PSoC5/cyfitter_cfg.c **** * Function Name: CyClockStartupError
 120:Generated_Source\PSoC5/cyfitter_cfg.c **** ********************************************************************************
 121:Generated_Source\PSoC5/cyfitter_cfg.c **** * Summary:
 122:Generated_Source\PSoC5/cyfitter_cfg.c **** *  If an error is encountered during clock configuration (crystal startup error,
 123:Generated_Source\PSoC5/cyfitter_cfg.c **** *  PLL lock error, etc.), the system will end up here.  Unless reimplemented by
 124:Generated_Source\PSoC5/cyfitter_cfg.c **** *  the customer, this function will stop in an infinite loop.
 125:Generated_Source\PSoC5/cyfitter_cfg.c **** *
 126:Generated_Source\PSoC5/cyfitter_cfg.c **** * Parameters:
 127:Generated_Source\PSoC5/cyfitter_cfg.c **** *   void
 128:Generated_Source\PSoC5/cyfitter_cfg.c **** *
 129:Generated_Source\PSoC5/cyfitter_cfg.c **** * Return:
 130:Generated_Source\PSoC5/cyfitter_cfg.c **** *   void
 131:Generated_Source\PSoC5/cyfitter_cfg.c **** *
 132:Generated_Source\PSoC5/cyfitter_cfg.c **** *******************************************************************************/
 133:Generated_Source\PSoC5/cyfitter_cfg.c **** CY_CFG_UNUSED
 134:Generated_Source\PSoC5/cyfitter_cfg.c **** static void CyClockStartupError(uint8 errorCode);
 135:Generated_Source\PSoC5/cyfitter_cfg.c **** CY_CFG_UNUSED
 136:Generated_Source\PSoC5/cyfitter_cfg.c **** static void CyClockStartupError(uint8 errorCode)
 137:Generated_Source\PSoC5/cyfitter_cfg.c **** {
 140              		.loc 1 137 0
 141              		.cfi_startproc
 142              		@ args = 0, pretend = 0, frame = 8
 143              		@ frame_needed = 1, uses_anonymous_args = 0
 144              		@ link register save eliminated.
 145 0000 80B4     		push	{r7}
 146              		.cfi_def_cfa_offset 4
 147              		.cfi_offset 7, -4
 148 0002 83B0     		sub	sp, sp, #12
ARM GAS  C:\Users\HENRYK~1\AppData\Local\Temp\ccEOdti9.s 			page 6


 149              		.cfi_def_cfa_offset 16
 150 0004 00AF     		add	r7, sp, #0
 151              		.cfi_def_cfa_register 7
 152 0006 0346     		mov	r3, r0
 153 0008 FB71     		strb	r3, [r7, #7]
 154              	.L5:
 138:Generated_Source\PSoC5/cyfitter_cfg.c ****     /* To remove the compiler warning if errorCode not used.                */
 139:Generated_Source\PSoC5/cyfitter_cfg.c ****     errorCode = errorCode;
 140:Generated_Source\PSoC5/cyfitter_cfg.c **** 
 141:Generated_Source\PSoC5/cyfitter_cfg.c ****     /* If we have a clock startup error (bad MHz crystal, PLL lock, etc.),  */
 142:Generated_Source\PSoC5/cyfitter_cfg.c ****     /* we will end up here to allow the customer to implement something to  */
 143:Generated_Source\PSoC5/cyfitter_cfg.c ****     /* deal with the clock condition.                                       */
 144:Generated_Source\PSoC5/cyfitter_cfg.c **** 
 145:Generated_Source\PSoC5/cyfitter_cfg.c **** #ifdef CY_CFG_CLOCK_STARTUP_ERROR_CALLBACK
 146:Generated_Source\PSoC5/cyfitter_cfg.c ****     CY_CFG_Clock_Startup_ErrorCallback();
 147:Generated_Source\PSoC5/cyfitter_cfg.c **** #else
 148:Generated_Source\PSoC5/cyfitter_cfg.c ****     /*  If not using CY_CFG_CLOCK_STARTUP_ERROR_CALLBACK, place your clock startup code here. */
 149:Generated_Source\PSoC5/cyfitter_cfg.c ****     /* `#START CyClockStartupError` */
 150:Generated_Source\PSoC5/cyfitter_cfg.c **** 
 151:Generated_Source\PSoC5/cyfitter_cfg.c **** 
 152:Generated_Source\PSoC5/cyfitter_cfg.c **** 
 153:Generated_Source\PSoC5/cyfitter_cfg.c ****     /* `#END` */
 154:Generated_Source\PSoC5/cyfitter_cfg.c **** 
 155:Generated_Source\PSoC5/cyfitter_cfg.c ****     while(1) {}
 155              		.loc 1 155 0 discriminator 1
 156 000a FEE7     		b	.L5
 157              		.cfi_endproc
 158              	.LFE3:
 159              		.size	CyClockStartupError, .-CyClockStartupError
 160              		.section	.text.ClockSetup,"ax",%progbits
 161              		.align	2
 162              		.thumb
 163              		.thumb_func
 164              		.type	ClockSetup, %function
 165              	ClockSetup:
 166              	.LFB4:
 156:Generated_Source\PSoC5/cyfitter_cfg.c **** #endif /* CY_CFG_CLOCK_STARTUP_ERROR_CALLBACK */
 157:Generated_Source\PSoC5/cyfitter_cfg.c **** }
 158:Generated_Source\PSoC5/cyfitter_cfg.c **** #endif
 159:Generated_Source\PSoC5/cyfitter_cfg.c **** 
 160:Generated_Source\PSoC5/cyfitter_cfg.c **** /* IOPINS0_1 Address: CYREG_PRT1_DM0 Size (bytes): 8 */
 161:Generated_Source\PSoC5/cyfitter_cfg.c **** #define BS_IOPINS0_1_VAL ((const uint8 CYFAR *)(0x48000000u + CYAPP_ECC_OFFSET))
 162:Generated_Source\PSoC5/cyfitter_cfg.c **** 
 163:Generated_Source\PSoC5/cyfitter_cfg.c **** /* IOPINS0_2 Address: CYREG_PRT2_DM0 Size (bytes): 8 */
 164:Generated_Source\PSoC5/cyfitter_cfg.c **** #define BS_IOPINS0_2_VAL ((const uint8 CYFAR *)(0x48000008u + CYAPP_ECC_OFFSET))
 165:Generated_Source\PSoC5/cyfitter_cfg.c **** 
 166:Generated_Source\PSoC5/cyfitter_cfg.c **** /* CYDEV_CLKDIST_ACFG0_CFG0 Address: CYREG_CLKDIST_ACFG0_CFG0 Size (bytes): 4 */
 167:Generated_Source\PSoC5/cyfitter_cfg.c **** #define BS_CYDEV_CLKDIST_ACFG0_CFG0_VAL ((const uint8 CYFAR *)(0x48000010u + CYAPP_ECC_OFFSET))
 168:Generated_Source\PSoC5/cyfitter_cfg.c **** 
 169:Generated_Source\PSoC5/cyfitter_cfg.c **** 
 170:Generated_Source\PSoC5/cyfitter_cfg.c **** /*******************************************************************************
 171:Generated_Source\PSoC5/cyfitter_cfg.c **** * Function Name: ClockSetup
 172:Generated_Source\PSoC5/cyfitter_cfg.c **** ********************************************************************************
 173:Generated_Source\PSoC5/cyfitter_cfg.c **** *
 174:Generated_Source\PSoC5/cyfitter_cfg.c **** * Summary:
 175:Generated_Source\PSoC5/cyfitter_cfg.c **** *  Performs the initialization of all of the clocks in the device based on the
 176:Generated_Source\PSoC5/cyfitter_cfg.c **** *  settings in the Clock tab of the DWR.  This includes enabling the requested
ARM GAS  C:\Users\HENRYK~1\AppData\Local\Temp\ccEOdti9.s 			page 7


 177:Generated_Source\PSoC5/cyfitter_cfg.c **** *  clocks and setting the necessary dividers to produce the desired frequency. 
 178:Generated_Source\PSoC5/cyfitter_cfg.c **** *
 179:Generated_Source\PSoC5/cyfitter_cfg.c **** * Parameters:
 180:Generated_Source\PSoC5/cyfitter_cfg.c **** *  void
 181:Generated_Source\PSoC5/cyfitter_cfg.c **** *
 182:Generated_Source\PSoC5/cyfitter_cfg.c **** * Return:
 183:Generated_Source\PSoC5/cyfitter_cfg.c **** *  void
 184:Generated_Source\PSoC5/cyfitter_cfg.c **** *
 185:Generated_Source\PSoC5/cyfitter_cfg.c **** *******************************************************************************/
 186:Generated_Source\PSoC5/cyfitter_cfg.c **** static void ClockSetup(void);
 187:Generated_Source\PSoC5/cyfitter_cfg.c **** static void ClockSetup(void)
 188:Generated_Source\PSoC5/cyfitter_cfg.c **** {
 167              		.loc 1 188 0
 168              		.cfi_startproc
 169              		@ args = 0, pretend = 0, frame = 8
 170              		@ frame_needed = 1, uses_anonymous_args = 0
 171 0000 80B5     		push	{r7, lr}
 172              		.cfi_def_cfa_offset 8
 173              		.cfi_offset 7, -8
 174              		.cfi_offset 14, -4
 175 0002 82B0     		sub	sp, sp, #8
 176              		.cfi_def_cfa_offset 16
 177 0004 00AF     		add	r7, sp, #0
 178              		.cfi_def_cfa_register 7
 189:Generated_Source\PSoC5/cyfitter_cfg.c **** 	uint32 timeout;
 190:Generated_Source\PSoC5/cyfitter_cfg.c **** 	uint8 pllLock;
 191:Generated_Source\PSoC5/cyfitter_cfg.c **** 
 192:Generated_Source\PSoC5/cyfitter_cfg.c **** 
 193:Generated_Source\PSoC5/cyfitter_cfg.c **** 	/* Configure Analog Clocks based on settings from Clock DWR */
 194:Generated_Source\PSoC5/cyfitter_cfg.c **** 	CYCONFIGCPY((void CYFAR *)(CYREG_CLKDIST_ACFG0_CFG0), (const void CYFAR *)(BS_CYDEV_CLKDIST_ACFG0_
 179              		.loc 1 194 0
 180 0006 2E4B     		ldr	r3, .L11
 181 0008 03F19043 		add	r3, r3, #1207959552
 182 000c 1033     		adds	r3, r3, #16
 183 000e 0422     		movs	r2, #4
 184 0010 1946     		mov	r1, r3
 185 0012 2C48     		ldr	r0, .L11+4
 186 0014 FFF7FEFF 		bl	CYCONFIGCPY
 195:Generated_Source\PSoC5/cyfitter_cfg.c **** 
 196:Generated_Source\PSoC5/cyfitter_cfg.c **** 	/* Configure ILO based on settings from Clock DWR */
 197:Generated_Source\PSoC5/cyfitter_cfg.c **** 	CY_SET_XTND_REG8((void CYFAR *)(CYREG_SLOWCLK_ILO_CR0), 0x02u);
 187              		.loc 1 197 0
 188 0018 2B4B     		ldr	r3, .L11+8
 189 001a 0222     		movs	r2, #2
 190 001c 1A70     		strb	r2, [r3]
 198:Generated_Source\PSoC5/cyfitter_cfg.c **** 	CY_SET_XTND_REG8((void CYFAR *)(CYREG_CLKDIST_CR), 0x08u);
 191              		.loc 1 198 0
 192 001e 4FF04023 		mov	r3, #1073758208
 193 0022 0822     		movs	r2, #8
 194 0024 1A70     		strb	r2, [r3]
 199:Generated_Source\PSoC5/cyfitter_cfg.c **** 
 200:Generated_Source\PSoC5/cyfitter_cfg.c **** 	/* Configure IMO based on settings from Clock DWR */
 201:Generated_Source\PSoC5/cyfitter_cfg.c **** 	CY_SET_XTND_REG8((void CYFAR *)(CYREG_FASTCLK_IMO_CR), 0x03u);
 195              		.loc 1 201 0
 196 0026 294B     		ldr	r3, .L11+12
 197 0028 0322     		movs	r2, #3
 198 002a 1A70     		strb	r2, [r3]
ARM GAS  C:\Users\HENRYK~1\AppData\Local\Temp\ccEOdti9.s 			page 8


 202:Generated_Source\PSoC5/cyfitter_cfg.c **** 	CY_SET_XTND_REG8((void CYFAR *)(CYREG_IMO_TR1), (CY_GET_XTND_REG8((void CYFAR *)CYREG_FLSHID_CUST_
 199              		.loc 1 202 0
 200 002c 284B     		ldr	r3, .L11+16
 201 002e 294A     		ldr	r2, .L11+20
 202 0030 1278     		ldrb	r2, [r2]
 203 0032 D2B2     		uxtb	r2, r2
 204 0034 1A70     		strb	r2, [r3]
 203:Generated_Source\PSoC5/cyfitter_cfg.c **** 
 204:Generated_Source\PSoC5/cyfitter_cfg.c **** 	/* Configure PLL based on settings from Clock DWR */
 205:Generated_Source\PSoC5/cyfitter_cfg.c **** 	CY_SET_XTND_REG16((void CYFAR *)(CYREG_FASTCLK_PLL_P), 0x0008u);
 205              		.loc 1 205 0
 206 0036 284B     		ldr	r3, .L11+24
 207 0038 0822     		movs	r2, #8
 208 003a 1A80     		strh	r2, [r3]	@ movhi
 206:Generated_Source\PSoC5/cyfitter_cfg.c **** 	CY_SET_XTND_REG16((void CYFAR *)(CYREG_FASTCLK_PLL_CFG0), 0x1251u);
 209              		.loc 1 206 0
 210 003c 274B     		ldr	r3, .L11+28
 211 003e 41F25122 		movw	r2, #4689
 212 0042 1A80     		strh	r2, [r3]	@ movhi
 207:Generated_Source\PSoC5/cyfitter_cfg.c **** 	/* Wait up to 250us for the PLL to lock */
 208:Generated_Source\PSoC5/cyfitter_cfg.c **** 	pllLock = 0u;
 213              		.loc 1 208 0
 214 0044 0023     		movs	r3, #0
 215 0046 FB70     		strb	r3, [r7, #3]
 209:Generated_Source\PSoC5/cyfitter_cfg.c **** 	for (timeout = 250u / 10u; (timeout > 0u) && (pllLock != 0x03u); timeout--)
 216              		.loc 1 209 0
 217 0048 1923     		movs	r3, #25
 218 004a 7B60     		str	r3, [r7, #4]
 219 004c 14E0     		b	.L7
 220              	.L9:
 210:Generated_Source\PSoC5/cyfitter_cfg.c **** 	{ 
 211:Generated_Source\PSoC5/cyfitter_cfg.c **** 		pllLock = 0x03u & ((uint8)((uint8)pllLock << 1) | ((CY_GET_XTND_REG8((void CYFAR *)CYREG_FASTCLK_
 221              		.loc 1 211 0 discriminator 4
 222 004e FB78     		ldrb	r3, [r7, #3]
 223 0050 5B00     		lsls	r3, r3, #1
 224 0052 DAB2     		uxtb	r2, r3
 225 0054 224B     		ldr	r3, .L11+32
 226 0056 1B78     		ldrb	r3, [r3]
 227 0058 DBB2     		uxtb	r3, r3
 228 005a 03F00103 		and	r3, r3, #1
 229 005e DBB2     		uxtb	r3, r3
 230 0060 1343     		orrs	r3, r3, r2
 231 0062 DBB2     		uxtb	r3, r3
 232 0064 03F00303 		and	r3, r3, #3
 233 0068 FB70     		strb	r3, [r7, #3]
 212:Generated_Source\PSoC5/cyfitter_cfg.c **** 		CyDelayCycles(10u * 48u); /* Delay 10us based on 48MHz clock */
 234              		.loc 1 212 0 discriminator 4
 235 006a 4FF4F070 		mov	r0, #480
 236 006e FFF7FEFF 		bl	CyDelayCycles
 209:Generated_Source\PSoC5/cyfitter_cfg.c **** 	for (timeout = 250u / 10u; (timeout > 0u) && (pllLock != 0x03u); timeout--)
 237              		.loc 1 209 0 discriminator 4
 238 0072 7B68     		ldr	r3, [r7, #4]
 239 0074 013B     		subs	r3, r3, #1
 240 0076 7B60     		str	r3, [r7, #4]
 241              	.L7:
 209:Generated_Source\PSoC5/cyfitter_cfg.c **** 	for (timeout = 250u / 10u; (timeout > 0u) && (pllLock != 0x03u); timeout--)
 242              		.loc 1 209 0 is_stmt 0 discriminator 1
ARM GAS  C:\Users\HENRYK~1\AppData\Local\Temp\ccEOdti9.s 			page 9


 243 0078 7B68     		ldr	r3, [r7, #4]
 244 007a 002B     		cmp	r3, #0
 245 007c 02D0     		beq	.L8
 209:Generated_Source\PSoC5/cyfitter_cfg.c **** 	for (timeout = 250u / 10u; (timeout > 0u) && (pllLock != 0x03u); timeout--)
 246              		.loc 1 209 0 discriminator 3
 247 007e FB78     		ldrb	r3, [r7, #3]	@ zero_extendqisi2
 248 0080 032B     		cmp	r3, #3
 249 0082 E4D1     		bne	.L9
 250              	.L8:
 213:Generated_Source\PSoC5/cyfitter_cfg.c **** 	}
 214:Generated_Source\PSoC5/cyfitter_cfg.c **** 	/* If we ran out of time the PLL didn't lock so go to the error function */
 215:Generated_Source\PSoC5/cyfitter_cfg.c **** 	if (timeout == 0u)
 251              		.loc 1 215 0 is_stmt 1
 252 0084 7B68     		ldr	r3, [r7, #4]
 253 0086 002B     		cmp	r3, #0
 254 0088 02D1     		bne	.L10
 216:Generated_Source\PSoC5/cyfitter_cfg.c **** 	{
 217:Generated_Source\PSoC5/cyfitter_cfg.c **** 		CyClockStartupError(CYCLOCKSTART_PLL_ERROR);
 255              		.loc 1 217 0
 256 008a 0320     		movs	r0, #3
 257 008c FFF7FEFF 		bl	CyClockStartupError
 258              	.L10:
 218:Generated_Source\PSoC5/cyfitter_cfg.c **** 	}
 219:Generated_Source\PSoC5/cyfitter_cfg.c **** 
 220:Generated_Source\PSoC5/cyfitter_cfg.c **** 	/* Configure Bus/Master Clock based on settings from Clock DWR */
 221:Generated_Source\PSoC5/cyfitter_cfg.c **** 	CY_SET_XTND_REG16((void CYFAR *)(CYREG_CLKDIST_MSTR0), 0x0100u);
 259              		.loc 1 221 0
 260 0090 144B     		ldr	r3, .L11+36
 261 0092 4FF48072 		mov	r2, #256
 262 0096 1A80     		strh	r2, [r3]	@ movhi
 222:Generated_Source\PSoC5/cyfitter_cfg.c **** 	CY_SET_XTND_REG8((void CYFAR *)(CYREG_CLKDIST_MSTR0), 0x07u);
 263              		.loc 1 222 0
 264 0098 124B     		ldr	r3, .L11+36
 265 009a 0722     		movs	r2, #7
 266 009c 1A70     		strb	r2, [r3]
 223:Generated_Source\PSoC5/cyfitter_cfg.c **** 	CY_SET_XTND_REG8((void CYFAR *)(CYREG_CLKDIST_BCFG0), 0x00u);
 267              		.loc 1 223 0
 268 009e 124B     		ldr	r3, .L11+40
 269 00a0 0022     		movs	r2, #0
 270 00a2 1A70     		strb	r2, [r3]
 224:Generated_Source\PSoC5/cyfitter_cfg.c **** 	CY_SET_XTND_REG8((void CYFAR *)(CYREG_CLKDIST_BCFG2), 0x48u);
 271              		.loc 1 224 0
 272 00a4 114B     		ldr	r3, .L11+44
 273 00a6 4822     		movs	r2, #72
 274 00a8 1A70     		strb	r2, [r3]
 225:Generated_Source\PSoC5/cyfitter_cfg.c **** 	CY_SET_XTND_REG8((void CYFAR *)(CYREG_CLKDIST_MSTR0), 0x00u);
 275              		.loc 1 225 0
 276 00aa 0E4B     		ldr	r3, .L11+36
 277 00ac 0022     		movs	r2, #0
 278 00ae 1A70     		strb	r2, [r3]
 226:Generated_Source\PSoC5/cyfitter_cfg.c **** 	CY_SET_XTND_REG8((void CYFAR *)(CYREG_CLKDIST_LD), 0x02u);
 279              		.loc 1 226 0
 280 00b0 0F4B     		ldr	r3, .L11+48
 281 00b2 0222     		movs	r2, #2
 282 00b4 1A70     		strb	r2, [r3]
 227:Generated_Source\PSoC5/cyfitter_cfg.c **** }
 283              		.loc 1 227 0
ARM GAS  C:\Users\HENRYK~1\AppData\Local\Temp\ccEOdti9.s 			page 10


 284 00b6 00BF     		nop
 285 00b8 0837     		adds	r7, r7, #8
 286              		.cfi_def_cfa_offset 8
 287 00ba BD46     		mov	sp, r7
 288              		.cfi_def_cfa_register 13
 289              		@ sp needed
 290 00bc 80BD     		pop	{r7, pc}
 291              	.L12:
 292 00be 00BF     		.align	2
 293              	.L11:
 294 00c0 00000000 		.word	CY_ECC_OFFSET
 295 00c4 00410040 		.word	1073758464
 296 00c8 00430040 		.word	1073758976
 297 00cc 00420040 		.word	1073758720
 298 00d0 A1460040 		.word	1073759905
 299 00d4 08010049 		.word	1224737032
 300 00d8 22420040 		.word	1073758754
 301 00dc 20420040 		.word	1073758752
 302 00e0 25420040 		.word	1073758757
 303 00e4 04400040 		.word	1073758212
 304 00e8 06400040 		.word	1073758214
 305 00ec 08400040 		.word	1073758216
 306 00f0 01400040 		.word	1073758209
 307              		.cfi_endproc
 308              	.LFE4:
 309              		.size	ClockSetup, .-ClockSetup
 310              		.section	.text.AnalogSetDefault,"ax",%progbits
 311              		.align	2
 312              		.thumb
 313              		.thumb_func
 314              		.type	AnalogSetDefault, %function
 315              	AnalogSetDefault:
 316              	.LFB5:
 228:Generated_Source\PSoC5/cyfitter_cfg.c **** 
 229:Generated_Source\PSoC5/cyfitter_cfg.c **** 
 230:Generated_Source\PSoC5/cyfitter_cfg.c **** /* Analog API Functions */
 231:Generated_Source\PSoC5/cyfitter_cfg.c **** 
 232:Generated_Source\PSoC5/cyfitter_cfg.c **** 
 233:Generated_Source\PSoC5/cyfitter_cfg.c **** /*******************************************************************************
 234:Generated_Source\PSoC5/cyfitter_cfg.c **** * Function Name: AnalogSetDefault
 235:Generated_Source\PSoC5/cyfitter_cfg.c **** ********************************************************************************
 236:Generated_Source\PSoC5/cyfitter_cfg.c **** *
 237:Generated_Source\PSoC5/cyfitter_cfg.c **** * Summary:
 238:Generated_Source\PSoC5/cyfitter_cfg.c **** *  Sets up the analog portions of the chip to default values based on chip
 239:Generated_Source\PSoC5/cyfitter_cfg.c **** *  configuration options from the project.
 240:Generated_Source\PSoC5/cyfitter_cfg.c **** *
 241:Generated_Source\PSoC5/cyfitter_cfg.c **** * Parameters:
 242:Generated_Source\PSoC5/cyfitter_cfg.c **** *  void
 243:Generated_Source\PSoC5/cyfitter_cfg.c **** *
 244:Generated_Source\PSoC5/cyfitter_cfg.c **** * Return:
 245:Generated_Source\PSoC5/cyfitter_cfg.c **** *  void
 246:Generated_Source\PSoC5/cyfitter_cfg.c **** *
 247:Generated_Source\PSoC5/cyfitter_cfg.c **** *******************************************************************************/
 248:Generated_Source\PSoC5/cyfitter_cfg.c **** static void AnalogSetDefault(void);
 249:Generated_Source\PSoC5/cyfitter_cfg.c **** static void AnalogSetDefault(void)
 250:Generated_Source\PSoC5/cyfitter_cfg.c **** {
 317              		.loc 1 250 0
ARM GAS  C:\Users\HENRYK~1\AppData\Local\Temp\ccEOdti9.s 			page 11


 318              		.cfi_startproc
 319              		@ args = 0, pretend = 0, frame = 8
 320              		@ frame_needed = 1, uses_anonymous_args = 0
 321              		@ link register save eliminated.
 322 0000 80B4     		push	{r7}
 323              		.cfi_def_cfa_offset 4
 324              		.cfi_offset 7, -4
 325 0002 83B0     		sub	sp, sp, #12
 326              		.cfi_def_cfa_offset 16
 327 0004 00AF     		add	r7, sp, #0
 328              		.cfi_def_cfa_register 7
 251:Generated_Source\PSoC5/cyfitter_cfg.c **** 	uint8 bg_xover_inl_trim = CY_GET_XTND_REG8((void CYFAR *)(CYREG_FLSHID_MFG_CFG_BG_XOVER_INL_TRIM +
 329              		.loc 1 251 0
 330 0006 0B4B     		ldr	r3, .L14
 331 0008 1B78     		ldrb	r3, [r3]
 332 000a FB71     		strb	r3, [r7, #7]
 252:Generated_Source\PSoC5/cyfitter_cfg.c **** 	CY_SET_XTND_REG8((void CYFAR *)(CYREG_BG_DFT0), (bg_xover_inl_trim & 0x07u));
 333              		.loc 1 252 0
 334 000c 0A4A     		ldr	r2, .L14+4
 335 000e FB79     		ldrb	r3, [r7, #7]
 336 0010 03F00703 		and	r3, r3, #7
 337 0014 DBB2     		uxtb	r3, r3
 338 0016 1370     		strb	r3, [r2]
 253:Generated_Source\PSoC5/cyfitter_cfg.c **** 	CY_SET_XTND_REG8((void CYFAR *)(CYREG_BG_DFT1), ((bg_xover_inl_trim >> 4) & 0x0Fu));
 339              		.loc 1 253 0
 340 0018 084A     		ldr	r2, .L14+8
 341 001a FB79     		ldrb	r3, [r7, #7]	@ zero_extendqisi2
 342 001c 1B09     		lsrs	r3, r3, #4
 343 001e DBB2     		uxtb	r3, r3
 344 0020 1370     		strb	r3, [r2]
 254:Generated_Source\PSoC5/cyfitter_cfg.c **** 	CY_SET_XTND_REG8((void CYFAR *)CYREG_PUMP_CR0, 0x44u);
 345              		.loc 1 254 0
 346 0022 074B     		ldr	r3, .L14+12
 347 0024 4422     		movs	r2, #68
 348 0026 1A70     		strb	r2, [r3]
 255:Generated_Source\PSoC5/cyfitter_cfg.c **** }
 349              		.loc 1 255 0
 350 0028 00BF     		nop
 351 002a 0C37     		adds	r7, r7, #12
 352              		.cfi_def_cfa_offset 4
 353 002c BD46     		mov	sp, r7
 354              		.cfi_def_cfa_register 13
 355              		@ sp needed
 356 002e 80BC     		pop	{r7}
 357              		.cfi_restore 7
 358              		.cfi_def_cfa_offset 0
 359 0030 7047     		bx	lr
 360              	.L15:
 361 0032 00BF     		.align	2
 362              	.L14:
 363 0034 CF010049 		.word	1224737231
 364 0038 6E580040 		.word	1073764462
 365 003c 6F580040 		.word	1073764463
 366 0040 76580040 		.word	1073764470
 367              		.cfi_endproc
 368              	.LFE5:
 369              		.size	AnalogSetDefault, .-AnalogSetDefault
ARM GAS  C:\Users\HENRYK~1\AppData\Local\Temp\ccEOdti9.s 			page 12


 370              		.section	.text.SetAnalogRoutingPumps,"ax",%progbits
 371              		.align	2
 372              		.global	SetAnalogRoutingPumps
 373              		.thumb
 374              		.thumb_func
 375              		.type	SetAnalogRoutingPumps, %function
 376              	SetAnalogRoutingPumps:
 377              	.LFB6:
 256:Generated_Source\PSoC5/cyfitter_cfg.c **** 
 257:Generated_Source\PSoC5/cyfitter_cfg.c **** 
 258:Generated_Source\PSoC5/cyfitter_cfg.c **** /*******************************************************************************
 259:Generated_Source\PSoC5/cyfitter_cfg.c **** * Function Name: SetAnalogRoutingPumps
 260:Generated_Source\PSoC5/cyfitter_cfg.c **** ********************************************************************************
 261:Generated_Source\PSoC5/cyfitter_cfg.c **** *
 262:Generated_Source\PSoC5/cyfitter_cfg.c **** * Summary:
 263:Generated_Source\PSoC5/cyfitter_cfg.c **** * Enables or disables the analog pumps feeding analog routing switches.
 264:Generated_Source\PSoC5/cyfitter_cfg.c **** * Intended to be called at startup, based on the Vdda system configuration;
 265:Generated_Source\PSoC5/cyfitter_cfg.c **** * may be called during operation when the user informs us that the Vdda voltage
 266:Generated_Source\PSoC5/cyfitter_cfg.c **** * crossed the pump threshold.
 267:Generated_Source\PSoC5/cyfitter_cfg.c **** *
 268:Generated_Source\PSoC5/cyfitter_cfg.c **** * Parameters:
 269:Generated_Source\PSoC5/cyfitter_cfg.c **** *  enabled - 1 to enable the pumps, 0 to disable the pumps
 270:Generated_Source\PSoC5/cyfitter_cfg.c **** *
 271:Generated_Source\PSoC5/cyfitter_cfg.c **** * Return:
 272:Generated_Source\PSoC5/cyfitter_cfg.c **** *  void
 273:Generated_Source\PSoC5/cyfitter_cfg.c **** *
 274:Generated_Source\PSoC5/cyfitter_cfg.c **** *******************************************************************************/
 275:Generated_Source\PSoC5/cyfitter_cfg.c **** void SetAnalogRoutingPumps(uint8 enabled)
 276:Generated_Source\PSoC5/cyfitter_cfg.c **** {
 378              		.loc 1 276 0
 379              		.cfi_startproc
 380              		@ args = 0, pretend = 0, frame = 16
 381              		@ frame_needed = 1, uses_anonymous_args = 0
 382              		@ link register save eliminated.
 383 0000 80B4     		push	{r7}
 384              		.cfi_def_cfa_offset 4
 385              		.cfi_offset 7, -4
 386 0002 85B0     		sub	sp, sp, #20
 387              		.cfi_def_cfa_offset 24
 388 0004 00AF     		add	r7, sp, #0
 389              		.cfi_def_cfa_register 7
 390 0006 0346     		mov	r3, r0
 391 0008 FB71     		strb	r3, [r7, #7]
 277:Generated_Source\PSoC5/cyfitter_cfg.c **** 	uint8 regValue = CY_GET_XTND_REG8((void CYFAR *)CYREG_PUMP_CR0);
 392              		.loc 1 277 0
 393 000a 064B     		ldr	r3, .L19
 394 000c 1B78     		ldrb	r3, [r3]
 395 000e FB73     		strb	r3, [r7, #15]
 278:Generated_Source\PSoC5/cyfitter_cfg.c **** 	if (enabled != 0u)
 396              		.loc 1 278 0
 397 0010 FB79     		ldrb	r3, [r7, #7]	@ zero_extendqisi2
 398 0012 002B     		cmp	r3, #0
 279:Generated_Source\PSoC5/cyfitter_cfg.c **** 	{
 280:Generated_Source\PSoC5/cyfitter_cfg.c **** 		regValue |= 0x00u;
 281:Generated_Source\PSoC5/cyfitter_cfg.c **** 	}
 282:Generated_Source\PSoC5/cyfitter_cfg.c **** 	else
 283:Generated_Source\PSoC5/cyfitter_cfg.c **** 	{
ARM GAS  C:\Users\HENRYK~1\AppData\Local\Temp\ccEOdti9.s 			page 13


 284:Generated_Source\PSoC5/cyfitter_cfg.c **** 		regValue &= (uint8)~0x00u;
 285:Generated_Source\PSoC5/cyfitter_cfg.c **** 	}
 286:Generated_Source\PSoC5/cyfitter_cfg.c **** 	CY_SET_XTND_REG8((void CYFAR *)CYREG_PUMP_CR0, regValue);
 399              		.loc 1 286 0
 400 0014 034A     		ldr	r2, .L19
 401 0016 FB7B     		ldrb	r3, [r7, #15]
 402 0018 1370     		strb	r3, [r2]
 287:Generated_Source\PSoC5/cyfitter_cfg.c **** }
 403              		.loc 1 287 0
 404 001a 00BF     		nop
 405 001c 1437     		adds	r7, r7, #20
 406              		.cfi_def_cfa_offset 4
 407 001e BD46     		mov	sp, r7
 408              		.cfi_def_cfa_register 13
 409              		@ sp needed
 410 0020 80BC     		pop	{r7}
 411              		.cfi_restore 7
 412              		.cfi_def_cfa_offset 0
 413 0022 7047     		bx	lr
 414              	.L20:
 415              		.align	2
 416              	.L19:
 417 0024 76580040 		.word	1073764470
 418              		.cfi_endproc
 419              	.LFE6:
 420              		.size	SetAnalogRoutingPumps, .-SetAnalogRoutingPumps
 421              		.section	.text.cyfitter_cfg,"ax",%progbits
 422              		.align	2
 423              		.global	cyfitter_cfg
 424              		.thumb
 425              		.thumb_func
 426              		.type	cyfitter_cfg, %function
 427              	cyfitter_cfg:
 428              	.LFB7:
 288:Generated_Source\PSoC5/cyfitter_cfg.c **** 
 289:Generated_Source\PSoC5/cyfitter_cfg.c **** 
 290:Generated_Source\PSoC5/cyfitter_cfg.c **** 
 291:Generated_Source\PSoC5/cyfitter_cfg.c **** 
 292:Generated_Source\PSoC5/cyfitter_cfg.c **** /*******************************************************************************
 293:Generated_Source\PSoC5/cyfitter_cfg.c **** * Function Name: cyfitter_cfg
 294:Generated_Source\PSoC5/cyfitter_cfg.c **** ********************************************************************************
 295:Generated_Source\PSoC5/cyfitter_cfg.c **** * Summary:
 296:Generated_Source\PSoC5/cyfitter_cfg.c **** *  This function is called by the start-up code for the selected device. It
 297:Generated_Source\PSoC5/cyfitter_cfg.c **** *  performs all of the necessary device configuration based on the design
 298:Generated_Source\PSoC5/cyfitter_cfg.c **** *  settings.  This includes settings from the Design Wide Resources (DWR) such
 299:Generated_Source\PSoC5/cyfitter_cfg.c **** *  as Clocks and Pins as well as any component configuration that is necessary.
 300:Generated_Source\PSoC5/cyfitter_cfg.c **** *
 301:Generated_Source\PSoC5/cyfitter_cfg.c **** * Parameters:
 302:Generated_Source\PSoC5/cyfitter_cfg.c **** *   void
 303:Generated_Source\PSoC5/cyfitter_cfg.c **** *
 304:Generated_Source\PSoC5/cyfitter_cfg.c **** * Return:
 305:Generated_Source\PSoC5/cyfitter_cfg.c **** *   void
 306:Generated_Source\PSoC5/cyfitter_cfg.c **** *
 307:Generated_Source\PSoC5/cyfitter_cfg.c **** *******************************************************************************/
 308:Generated_Source\PSoC5/cyfitter_cfg.c **** 
 309:Generated_Source\PSoC5/cyfitter_cfg.c **** void cyfitter_cfg(void)
 310:Generated_Source\PSoC5/cyfitter_cfg.c **** {
ARM GAS  C:\Users\HENRYK~1\AppData\Local\Temp\ccEOdti9.s 			page 14


 429              		.loc 1 310 0
 430              		.cfi_startproc
 431              		@ args = 0, pretend = 0, frame = 8
 432              		@ frame_needed = 1, uses_anonymous_args = 0
 433 0000 80B5     		push	{r7, lr}
 434              		.cfi_def_cfa_offset 8
 435              		.cfi_offset 7, -8
 436              		.cfi_offset 14, -4
 437 0002 82B0     		sub	sp, sp, #8
 438              		.cfi_def_cfa_offset 16
 439 0004 00AF     		add	r7, sp, #0
 440              		.cfi_def_cfa_register 7
 311:Generated_Source\PSoC5/cyfitter_cfg.c **** #ifdef CYGlobalIntDisable
 312:Generated_Source\PSoC5/cyfitter_cfg.c **** 	/* Disable interrupts by default. Let user enable if/when they want. */
 313:Generated_Source\PSoC5/cyfitter_cfg.c **** 	CYGlobalIntDisable
 441              		.loc 1 313 0
 442              		.syntax unified
 443              	@ 313 "Generated_Source\PSoC5\cyfitter_cfg.c" 1
 444 0006 72B6     		CPSID   i
 445              	@ 0 "" 2
 446              		.thumb
 447              		.syntax unified
 448              	.LBB2:
 314:Generated_Source\PSoC5/cyfitter_cfg.c **** #endif
 315:Generated_Source\PSoC5/cyfitter_cfg.c **** 
 316:Generated_Source\PSoC5/cyfitter_cfg.c **** 	{
 317:Generated_Source\PSoC5/cyfitter_cfg.c **** 
 318:Generated_Source\PSoC5/cyfitter_cfg.c **** 		CYPACKED typedef struct {
 319:Generated_Source\PSoC5/cyfitter_cfg.c **** 			void CYFAR *address;
 320:Generated_Source\PSoC5/cyfitter_cfg.c **** 			uint16 size;
 321:Generated_Source\PSoC5/cyfitter_cfg.c **** 		} CYPACKED_ATTR cfg_memset_t;
 322:Generated_Source\PSoC5/cyfitter_cfg.c **** 
 323:Generated_Source\PSoC5/cyfitter_cfg.c **** 		static const cfg_memset_t CYCODE cfg_memset_list[] = {
 324:Generated_Source\PSoC5/cyfitter_cfg.c **** 			/* address, size */
 325:Generated_Source\PSoC5/cyfitter_cfg.c **** 			{(void CYFAR *)(CYREG_PRT0_DR), 16u},
 326:Generated_Source\PSoC5/cyfitter_cfg.c **** 			{(void CYFAR *)(CYREG_PRT3_DR), 64u},
 327:Generated_Source\PSoC5/cyfitter_cfg.c **** 			{(void CYFAR *)(CYREG_PRT12_DR), 16u},
 328:Generated_Source\PSoC5/cyfitter_cfg.c **** 			{(void CYFAR *)(CYREG_PRT15_DR), 16u},
 329:Generated_Source\PSoC5/cyfitter_cfg.c **** 			{(void CYFAR *)(CYDEV_UCFG_B0_P0_U0_BASE), 4096u},
 330:Generated_Source\PSoC5/cyfitter_cfg.c **** 			{(void CYFAR *)(CYDEV_UCFG_B1_P2_U0_BASE), 2048u},
 331:Generated_Source\PSoC5/cyfitter_cfg.c **** 			{(void CYFAR *)(CYDEV_UCFG_DSI0_BASE), 2560u},
 332:Generated_Source\PSoC5/cyfitter_cfg.c **** 			{(void CYFAR *)(CYDEV_UCFG_DSI12_BASE), 512u},
 333:Generated_Source\PSoC5/cyfitter_cfg.c **** 			{(void CYFAR *)(CYREG_BCTL0_MDCLK_EN), 32u},
 334:Generated_Source\PSoC5/cyfitter_cfg.c **** 		};
 335:Generated_Source\PSoC5/cyfitter_cfg.c **** 
 336:Generated_Source\PSoC5/cyfitter_cfg.c **** 		uint8 CYDATA i;
 337:Generated_Source\PSoC5/cyfitter_cfg.c **** 
 338:Generated_Source\PSoC5/cyfitter_cfg.c **** 		/* Zero out critical memory blocks before beginning configuration */
 339:Generated_Source\PSoC5/cyfitter_cfg.c **** 		for (i = 0u; i < (sizeof(cfg_memset_list)/sizeof(cfg_memset_list[0])); i++)
 449              		.loc 1 339 0
 450 0008 0023     		movs	r3, #0
 451 000a FB71     		strb	r3, [r7, #7]
 452 000c 13E0     		b	.L22
 453              	.L23:
 454              	.LBB3:
 340:Generated_Source\PSoC5/cyfitter_cfg.c **** 		{
 341:Generated_Source\PSoC5/cyfitter_cfg.c **** 			const cfg_memset_t CYCODE * CYDATA ms = &cfg_memset_list[i];
ARM GAS  C:\Users\HENRYK~1\AppData\Local\Temp\ccEOdti9.s 			page 15


 455              		.loc 1 341 0 discriminator 3
 456 000e FA79     		ldrb	r2, [r7, #7]	@ zero_extendqisi2
 457 0010 1346     		mov	r3, r2
 458 0012 5B00     		lsls	r3, r3, #1
 459 0014 1344     		add	r3, r3, r2
 460 0016 5B00     		lsls	r3, r3, #1
 461 0018 284A     		ldr	r2, .L24
 462 001a 1344     		add	r3, r3, r2
 463 001c 3B60     		str	r3, [r7]
 342:Generated_Source\PSoC5/cyfitter_cfg.c **** 			CYMEMZERO(ms->address, (size_t)(uint32)(ms->size));
 464              		.loc 1 342 0 discriminator 3
 465 001e 3B68     		ldr	r3, [r7]
 466 0020 1A68     		ldr	r2, [r3]	@ unaligned
 467 0022 3B68     		ldr	r3, [r7]
 468 0024 9B88     		ldrh	r3, [r3, #4]	@ unaligned
 469 0026 9BB2     		uxth	r3, r3
 470 0028 1946     		mov	r1, r3
 471 002a 1046     		mov	r0, r2
 472 002c FFF7FEFF 		bl	CYMEMZERO
 473              	.LBE3:
 339:Generated_Source\PSoC5/cyfitter_cfg.c **** 		{
 474              		.loc 1 339 0 discriminator 3
 475 0030 FB79     		ldrb	r3, [r7, #7]	@ zero_extendqisi2
 476 0032 0133     		adds	r3, r3, #1
 477 0034 FB71     		strb	r3, [r7, #7]
 478              	.L22:
 339:Generated_Source\PSoC5/cyfitter_cfg.c **** 		{
 479              		.loc 1 339 0 is_stmt 0 discriminator 1
 480 0036 FB79     		ldrb	r3, [r7, #7]	@ zero_extendqisi2
 481 0038 082B     		cmp	r3, #8
 482 003a E8D9     		bls	.L23
 343:Generated_Source\PSoC5/cyfitter_cfg.c **** 		}
 344:Generated_Source\PSoC5/cyfitter_cfg.c **** 
 345:Generated_Source\PSoC5/cyfitter_cfg.c **** 		/* Enable digital routing */
 346:Generated_Source\PSoC5/cyfitter_cfg.c **** 		CY_SET_XTND_REG8((void CYFAR *)CYREG_BCTL0_BANK_CTL, CY_GET_XTND_REG8((void CYFAR *)CYREG_BCTL0_B
 483              		.loc 1 346 0 is_stmt 1
 484 003c 204A     		ldr	r2, .L24+4
 485 003e 204B     		ldr	r3, .L24+4
 486 0040 1B78     		ldrb	r3, [r3]
 487 0042 DBB2     		uxtb	r3, r3
 488 0044 43F00203 		orr	r3, r3, #2
 489 0048 DBB2     		uxtb	r3, r3
 490 004a 1370     		strb	r3, [r2]
 347:Generated_Source\PSoC5/cyfitter_cfg.c **** 		CY_SET_XTND_REG8((void CYFAR *)CYREG_BCTL1_BANK_CTL, CY_GET_XTND_REG8((void CYFAR *)CYREG_BCTL1_B
 491              		.loc 1 347 0
 492 004c 1D4A     		ldr	r2, .L24+8
 493 004e 1D4B     		ldr	r3, .L24+8
 494 0050 1B78     		ldrb	r3, [r3]
 495 0052 DBB2     		uxtb	r3, r3
 496 0054 43F00203 		orr	r3, r3, #2
 497 0058 DBB2     		uxtb	r3, r3
 498 005a 1370     		strb	r3, [r2]
 499              	.LBE2:
 348:Generated_Source\PSoC5/cyfitter_cfg.c **** 	}
 349:Generated_Source\PSoC5/cyfitter_cfg.c **** 
 350:Generated_Source\PSoC5/cyfitter_cfg.c **** 
 351:Generated_Source\PSoC5/cyfitter_cfg.c **** 	/* Perform second pass device configuration. These items must be configured in specific order afte
ARM GAS  C:\Users\HENRYK~1\AppData\Local\Temp\ccEOdti9.s 			page 16


 352:Generated_Source\PSoC5/cyfitter_cfg.c **** 	CYCONFIGCPY((void CYFAR *)(CYREG_PRT1_DM0), (const void CYFAR *)(BS_IOPINS0_1_VAL), 8u);
 500              		.loc 1 352 0
 501 005c 1A4B     		ldr	r3, .L24+12
 502 005e 03F19043 		add	r3, r3, #1207959552
 503 0062 0822     		movs	r2, #8
 504 0064 1946     		mov	r1, r3
 505 0066 1948     		ldr	r0, .L24+16
 506 0068 FFF7FEFF 		bl	CYCONFIGCPY
 353:Generated_Source\PSoC5/cyfitter_cfg.c **** 	CYCONFIGCPY((void CYFAR *)(CYREG_PRT2_DM0), (const void CYFAR *)(BS_IOPINS0_2_VAL), 8u);
 507              		.loc 1 353 0
 508 006c 164B     		ldr	r3, .L24+12
 509 006e 03F19043 		add	r3, r3, #1207959552
 510 0072 0833     		adds	r3, r3, #8
 511 0074 0822     		movs	r2, #8
 512 0076 1946     		mov	r1, r3
 513 0078 1548     		ldr	r0, .L24+20
 514 007a FFF7FEFF 		bl	CYCONFIGCPY
 354:Generated_Source\PSoC5/cyfitter_cfg.c **** 	/* Switch Boost to the precision bandgap reference from its internal reference */
 355:Generated_Source\PSoC5/cyfitter_cfg.c **** 	CY_SET_REG8((void CYXDATA *)CYREG_BOOST_CR2, (CY_GET_REG8((void CYXDATA *)CYREG_BOOST_CR2) | 0x08u
 515              		.loc 1 355 0
 516 007e 154A     		ldr	r2, .L24+24
 517 0080 144B     		ldr	r3, .L24+24
 518 0082 1B78     		ldrb	r3, [r3]
 519 0084 DBB2     		uxtb	r3, r3
 520 0086 43F00803 		orr	r3, r3, #8
 521 008a DBB2     		uxtb	r3, r3
 522 008c 1370     		strb	r3, [r2]
 356:Generated_Source\PSoC5/cyfitter_cfg.c **** 
 357:Generated_Source\PSoC5/cyfitter_cfg.c **** 	/* Set Flash Cycles based on max possible frequency in case a glitch occurs during ClockSetup(). *
 358:Generated_Source\PSoC5/cyfitter_cfg.c **** 	CY_SET_XTND_REG8((void CYFAR *)(CYREG_CACHE_CC_CTL), (((CYDEV_INSTRUCT_CACHE_ENABLED) != 0) ? 0x61
 523              		.loc 1 358 0
 524 008e 124B     		ldr	r3, .L24+28
 525 0090 6122     		movs	r2, #97
 526 0092 1A70     		strb	r2, [r3]
 359:Generated_Source\PSoC5/cyfitter_cfg.c **** 	/* Setup clocks based on selections from Clock DWR */
 360:Generated_Source\PSoC5/cyfitter_cfg.c **** 	ClockSetup();
 527              		.loc 1 360 0
 528 0094 FFF7FEFF 		bl	ClockSetup
 361:Generated_Source\PSoC5/cyfitter_cfg.c **** 	/* Set Flash Cycles based on newly configured 24.00MHz Bus Clock. */
 362:Generated_Source\PSoC5/cyfitter_cfg.c **** 	CY_SET_XTND_REG8((void CYFAR *)(CYREG_CACHE_CC_CTL), (((CYDEV_INSTRUCT_CACHE_ENABLED) != 0) ? 0x81
 529              		.loc 1 362 0
 530 0098 0F4B     		ldr	r3, .L24+28
 531 009a 8122     		movs	r2, #129
 532 009c 1A70     		strb	r2, [r3]
 363:Generated_Source\PSoC5/cyfitter_cfg.c **** 	CY_SET_XTND_REG8((void CYFAR *)(CYREG_PANTHER_WAITPIPE), 0x01u);
 533              		.loc 1 363 0
 534 009e 0F4B     		ldr	r3, .L24+32
 535 00a0 0122     		movs	r2, #1
 536 00a2 1A70     		strb	r2, [r3]
 364:Generated_Source\PSoC5/cyfitter_cfg.c **** 
 365:Generated_Source\PSoC5/cyfitter_cfg.c **** 	/* Perform basic analog initialization to defaults */
 366:Generated_Source\PSoC5/cyfitter_cfg.c **** 	AnalogSetDefault();
 537              		.loc 1 366 0
 538 00a4 FFF7FEFF 		bl	AnalogSetDefault
 367:Generated_Source\PSoC5/cyfitter_cfg.c **** 
 368:Generated_Source\PSoC5/cyfitter_cfg.c **** 	/* Configure alternate active mode */
 369:Generated_Source\PSoC5/cyfitter_cfg.c **** 	CYCONFIGCPY((void CYFAR *)CYDEV_PM_STBY_BASE, (const void CYFAR *)CYDEV_PM_ACT_BASE, 14u);
ARM GAS  C:\Users\HENRYK~1\AppData\Local\Temp\ccEOdti9.s 			page 17


 539              		.loc 1 369 0
 540 00a8 0E22     		movs	r2, #14
 541 00aa 0D49     		ldr	r1, .L24+36
 542 00ac 0D48     		ldr	r0, .L24+40
 543 00ae FFF7FEFF 		bl	CYCONFIGCPY
 370:Generated_Source\PSoC5/cyfitter_cfg.c **** }
 544              		.loc 1 370 0
 545 00b2 00BF     		nop
 546 00b4 0837     		adds	r7, r7, #8
 547              		.cfi_def_cfa_offset 8
 548 00b6 BD46     		mov	sp, r7
 549              		.cfi_def_cfa_register 13
 550              		@ sp needed
 551 00b8 80BD     		pop	{r7, pc}
 552              	.L25:
 553 00ba 00BF     		.align	2
 554              	.L24:
 555 00bc 00000000 		.word	cfg_memset_list.5021
 556 00c0 03500140 		.word	1073827843
 557 00c4 13500140 		.word	1073827859
 558 00c8 00000000 		.word	CY_ECC_OFFSET
 559 00cc 12510040 		.word	1073762578
 560 00d0 22510040 		.word	1073762594
 561 00d4 22430040 		.word	1073759010
 562 00d8 00480040 		.word	1073760256
 563 00dc 04000840 		.word	1074266116
 564 00e0 A0430040 		.word	1073759136
 565 00e4 B0430040 		.word	1073759152
 566              		.cfi_endproc
 567              	.LFE7:
 568              		.size	cyfitter_cfg, .-cyfitter_cfg
 569              		.section	.rodata
 570              		.align	2
 571              		.type	cfg_memset_list.5021, %object
 572              		.size	cfg_memset_list.5021, 54
 573              	cfg_memset_list.5021:
 574 0000 00510040 		.word	1073762560
 575 0004 1000     		.short	16
 576 0006 30510040 		.4byte	1073762608
 577 000a 4000     		.short	64
 578 000c C0510040 		.word	1073762752
 579 0010 1000     		.short	16
 580 0012 F0510040 		.4byte	1073762800
 581 0016 1000     		.short	16
 582 0018 00000140 		.word	1073807360
 583 001c 0010     		.short	4096
 584 001e 00140140 		.4byte	1073812480
 585 0022 0008     		.short	2048
 586 0024 00400140 		.word	1073823744
 587 0028 000A     		.short	2560
 588 002a 004C0140 		.4byte	1073826816
 589 002e 0002     		.short	512
 590 0030 00500140 		.word	1073827840
 591 0034 2000     		.short	32
 592              		.text
 593              	.Letext0:
 594              		.file 2 "c:\\program files (x86)\\cypress\\psoc creator\\4.2\\psoc creator\\import\\gnu\\arm\\5.4.
ARM GAS  C:\Users\HENRYK~1\AppData\Local\Temp\ccEOdti9.s 			page 18


 595              		.file 3 "Generated_Source\\PSoC5\\cytypes.h"
 596              		.section	.debug_info,"",%progbits
 597              	.Ldebug_info0:
 598 0000 F1020000 		.4byte	0x2f1
 599 0004 0400     		.2byte	0x4
 600 0006 00000000 		.4byte	.Ldebug_abbrev0
 601 000a 04       		.byte	0x4
 602 000b 01       		.uleb128 0x1
 603 000c 0D000000 		.4byte	.LASF39
 604 0010 0C       		.byte	0xc
 605 0011 AC000000 		.4byte	.LASF40
 606 0015 15020000 		.4byte	.LASF41
 607 0019 00000000 		.4byte	.Ldebug_ranges0+0
 608 001d 00000000 		.4byte	0
 609 0021 00000000 		.4byte	.Ldebug_line0
 610 0025 02       		.uleb128 0x2
 611 0026 04       		.byte	0x4
 612 0027 05       		.byte	0x5
 613 0028 696E7400 		.ascii	"int\000"
 614 002c 03       		.uleb128 0x3
 615 002d 06000000 		.4byte	.LASF12
 616 0031 02       		.byte	0x2
 617 0032 D8       		.byte	0xd8
 618 0033 37000000 		.4byte	0x37
 619 0037 04       		.uleb128 0x4
 620 0038 04       		.byte	0x4
 621 0039 07       		.byte	0x7
 622 003a B3010000 		.4byte	.LASF0
 623 003e 04       		.uleb128 0x4
 624 003f 08       		.byte	0x8
 625 0040 05       		.byte	0x5
 626 0041 F5010000 		.4byte	.LASF1
 627 0045 04       		.uleb128 0x4
 628 0046 08       		.byte	0x8
 629 0047 04       		.byte	0x4
 630 0048 81020000 		.4byte	.LASF2
 631 004c 04       		.uleb128 0x4
 632 004d 01       		.byte	0x1
 633 004e 06       		.byte	0x6
 634 004f 9F020000 		.4byte	.LASF3
 635 0053 04       		.uleb128 0x4
 636 0054 01       		.byte	0x1
 637 0055 08       		.byte	0x8
 638 0056 79010000 		.4byte	.LASF4
 639 005a 04       		.uleb128 0x4
 640 005b 02       		.byte	0x2
 641 005c 05       		.byte	0x5
 642 005d 0B020000 		.4byte	.LASF5
 643 0061 04       		.uleb128 0x4
 644 0062 02       		.byte	0x2
 645 0063 07       		.byte	0x7
 646 0064 FD000000 		.4byte	.LASF6
 647 0068 04       		.uleb128 0x4
 648 0069 04       		.byte	0x4
 649 006a 05       		.byte	0x5
 650 006b 73020000 		.4byte	.LASF7
 651 006f 04       		.uleb128 0x4
ARM GAS  C:\Users\HENRYK~1\AppData\Local\Temp\ccEOdti9.s 			page 19


 652 0070 04       		.byte	0x4
 653 0071 07       		.byte	0x7
 654 0072 41010000 		.4byte	.LASF8
 655 0076 04       		.uleb128 0x4
 656 0077 08       		.byte	0x8
 657 0078 07       		.byte	0x7
 658 0079 C8010000 		.4byte	.LASF9
 659 007d 04       		.uleb128 0x4
 660 007e 04       		.byte	0x4
 661 007f 07       		.byte	0x7
 662 0080 EC010000 		.4byte	.LASF10
 663 0084 05       		.uleb128 0x5
 664 0085 04       		.byte	0x4
 665 0086 04       		.uleb128 0x4
 666 0087 01       		.byte	0x1
 667 0088 08       		.byte	0x8
 668 0089 7C020000 		.4byte	.LASF11
 669 008d 06       		.uleb128 0x6
 670 008e 53010000 		.4byte	.LASF13
 671 0092 03       		.byte	0x3
 672 0093 E401     		.2byte	0x1e4
 673 0095 53000000 		.4byte	0x53
 674 0099 06       		.uleb128 0x6
 675 009a 9B010000 		.4byte	.LASF14
 676 009e 03       		.byte	0x3
 677 009f E501     		.2byte	0x1e5
 678 00a1 61000000 		.4byte	0x61
 679 00a5 06       		.uleb128 0x6
 680 00a6 AC010000 		.4byte	.LASF15
 681 00aa 03       		.byte	0x3
 682 00ab E601     		.2byte	0x1e6
 683 00ad 6F000000 		.4byte	0x6f
 684 00b1 04       		.uleb128 0x4
 685 00b2 04       		.byte	0x4
 686 00b3 04       		.byte	0x4
 687 00b4 18010000 		.4byte	.LASF16
 688 00b8 04       		.uleb128 0x4
 689 00b9 08       		.byte	0x8
 690 00ba 04       		.byte	0x4
 691 00bb 87010000 		.4byte	.LASF17
 692 00bf 06       		.uleb128 0x6
 693 00c0 3C010000 		.4byte	.LASF18
 694 00c4 03       		.byte	0x3
 695 00c5 8E02     		.2byte	0x28e
 696 00c7 CB000000 		.4byte	0xcb
 697 00cb 07       		.uleb128 0x7
 698 00cc 8D000000 		.4byte	0x8d
 699 00d0 06       		.uleb128 0x6
 700 00d1 00000000 		.4byte	.LASF19
 701 00d5 03       		.byte	0x3
 702 00d6 8F02     		.2byte	0x28f
 703 00d8 DC000000 		.4byte	0xdc
 704 00dc 07       		.uleb128 0x7
 705 00dd 99000000 		.4byte	0x99
 706 00e1 08       		.uleb128 0x8
 707 00e2 59010000 		.4byte	.LASF20
 708 00e6 01       		.byte	0x1
ARM GAS  C:\Users\HENRYK~1\AppData\Local\Temp\ccEOdti9.s 			page 20


 709 00e7 56       		.byte	0x56
 710 00e8 00000000 		.4byte	.LFB0
 711 00ec 1C000000 		.4byte	.LFE0-.LFB0
 712 00f0 01       		.uleb128 0x1
 713 00f1 9C       		.byte	0x9c
 714 00f2 0F010000 		.4byte	0x10f
 715 00f6 09       		.uleb128 0x9
 716 00f7 7300     		.ascii	"s\000"
 717 00f9 01       		.byte	0x1
 718 00fa 56       		.byte	0x56
 719 00fb 84000000 		.4byte	0x84
 720 00ff 02       		.uleb128 0x2
 721 0100 91       		.byte	0x91
 722 0101 74       		.sleb128 -12
 723 0102 09       		.uleb128 0x9
 724 0103 6E00     		.ascii	"n\000"
 725 0105 01       		.byte	0x1
 726 0106 56       		.byte	0x56
 727 0107 2C000000 		.4byte	0x2c
 728 010b 02       		.uleb128 0x2
 729 010c 91       		.byte	0x91
 730 010d 70       		.sleb128 -16
 731 010e 00       		.byte	0
 732 010f 08       		.uleb128 0x8
 733 0110 B4020000 		.4byte	.LASF21
 734 0114 01       		.byte	0x1
 735 0115 5D       		.byte	0x5d
 736 0116 00000000 		.4byte	.LFB1
 737 011a 1E000000 		.4byte	.LFE1-.LFB1
 738 011e 01       		.uleb128 0x1
 739 011f 9C       		.byte	0x9c
 740 0120 4D010000 		.4byte	0x14d
 741 0124 0A       		.uleb128 0xa
 742 0125 32010000 		.4byte	.LASF22
 743 0129 01       		.byte	0x1
 744 012a 5D       		.byte	0x5d
 745 012b 84000000 		.4byte	0x84
 746 012f 02       		.uleb128 0x2
 747 0130 91       		.byte	0x91
 748 0131 74       		.sleb128 -12
 749 0132 09       		.uleb128 0x9
 750 0133 73726300 		.ascii	"src\000"
 751 0137 01       		.byte	0x1
 752 0138 5D       		.byte	0x5d
 753 0139 4D010000 		.4byte	0x14d
 754 013d 02       		.uleb128 0x2
 755 013e 91       		.byte	0x91
 756 013f 70       		.sleb128 -16
 757 0140 09       		.uleb128 0x9
 758 0141 6E00     		.ascii	"n\000"
 759 0143 01       		.byte	0x1
 760 0144 5D       		.byte	0x5d
 761 0145 2C000000 		.4byte	0x2c
 762 0149 02       		.uleb128 0x2
 763 014a 91       		.byte	0x91
 764 014b 6C       		.sleb128 -20
 765 014c 00       		.byte	0
ARM GAS  C:\Users\HENRYK~1\AppData\Local\Temp\ccEOdti9.s 			page 21


 766 014d 0B       		.uleb128 0xb
 767 014e 04       		.byte	0x4
 768 014f 53010000 		.4byte	0x153
 769 0153 0C       		.uleb128 0xc
 770 0154 08       		.uleb128 0x8
 771 0155 E2000000 		.4byte	.LASF23
 772 0159 01       		.byte	0x1
 773 015a 64       		.byte	0x64
 774 015b 00000000 		.4byte	.LFB2
 775 015f 1E000000 		.4byte	.LFE2-.LFB2
 776 0163 01       		.uleb128 0x1
 777 0164 9C       		.byte	0x9c
 778 0165 92010000 		.4byte	0x192
 779 0169 0A       		.uleb128 0xa
 780 016a 32010000 		.4byte	.LASF22
 781 016e 01       		.byte	0x1
 782 016f 64       		.byte	0x64
 783 0170 84000000 		.4byte	0x84
 784 0174 02       		.uleb128 0x2
 785 0175 91       		.byte	0x91
 786 0176 74       		.sleb128 -12
 787 0177 09       		.uleb128 0x9
 788 0178 73726300 		.ascii	"src\000"
 789 017c 01       		.byte	0x1
 790 017d 64       		.byte	0x64
 791 017e 4D010000 		.4byte	0x14d
 792 0182 02       		.uleb128 0x2
 793 0183 91       		.byte	0x91
 794 0184 70       		.sleb128 -16
 795 0185 09       		.uleb128 0x9
 796 0186 6E00     		.ascii	"n\000"
 797 0188 01       		.byte	0x1
 798 0189 64       		.byte	0x64
 799 018a 2C000000 		.4byte	0x2c
 800 018e 02       		.uleb128 0x2
 801 018f 91       		.byte	0x91
 802 0190 6C       		.sleb128 -20
 803 0191 00       		.byte	0
 804 0192 0D       		.uleb128 0xd
 805 0193 1E010000 		.4byte	.LASF24
 806 0197 01       		.byte	0x1
 807 0198 88       		.byte	0x88
 808 0199 00000000 		.4byte	.LFB3
 809 019d 0C000000 		.4byte	.LFE3-.LFB3
 810 01a1 01       		.uleb128 0x1
 811 01a2 9C       		.byte	0x9c
 812 01a3 B6010000 		.4byte	0x1b6
 813 01a7 0A       		.uleb128 0xa
 814 01a8 A2010000 		.4byte	.LASF25
 815 01ac 01       		.byte	0x1
 816 01ad 88       		.byte	0x88
 817 01ae 8D000000 		.4byte	0x8d
 818 01b2 02       		.uleb128 0x2
 819 01b3 91       		.byte	0x91
 820 01b4 77       		.sleb128 -9
 821 01b5 00       		.byte	0
 822 01b6 08       		.uleb128 0x8
ARM GAS  C:\Users\HENRYK~1\AppData\Local\Temp\ccEOdti9.s 			page 22


 823 01b7 F2000000 		.4byte	.LASF26
 824 01bb 01       		.byte	0x1
 825 01bc BB       		.byte	0xbb
 826 01bd 00000000 		.4byte	.LFB4
 827 01c1 F4000000 		.4byte	.LFE4-.LFB4
 828 01c5 01       		.uleb128 0x1
 829 01c6 9C       		.byte	0x9c
 830 01c7 E8010000 		.4byte	0x1e8
 831 01cb 0E       		.uleb128 0xe
 832 01cc 03020000 		.4byte	.LASF27
 833 01d0 01       		.byte	0x1
 834 01d1 BD       		.byte	0xbd
 835 01d2 A5000000 		.4byte	0xa5
 836 01d6 02       		.uleb128 0x2
 837 01d7 91       		.byte	0x91
 838 01d8 74       		.sleb128 -12
 839 01d9 0E       		.uleb128 0xe
 840 01da 10010000 		.4byte	.LASF28
 841 01de 01       		.byte	0x1
 842 01df BE       		.byte	0xbe
 843 01e0 8D000000 		.4byte	0x8d
 844 01e4 02       		.uleb128 0x2
 845 01e5 91       		.byte	0x91
 846 01e6 73       		.sleb128 -13
 847 01e7 00       		.byte	0
 848 01e8 0D       		.uleb128 0xd
 849 01e9 9B000000 		.4byte	.LASF29
 850 01ed 01       		.byte	0x1
 851 01ee F9       		.byte	0xf9
 852 01ef 00000000 		.4byte	.LFB5
 853 01f3 44000000 		.4byte	.LFE5-.LFB5
 854 01f7 01       		.uleb128 0x1
 855 01f8 9C       		.byte	0x9c
 856 01f9 0C020000 		.4byte	0x20c
 857 01fd 0E       		.uleb128 0xe
 858 01fe 8D020000 		.4byte	.LASF30
 859 0202 01       		.byte	0x1
 860 0203 FB       		.byte	0xfb
 861 0204 8D000000 		.4byte	0x8d
 862 0208 02       		.uleb128 0x2
 863 0209 91       		.byte	0x91
 864 020a 77       		.sleb128 -9
 865 020b 00       		.byte	0
 866 020c 0F       		.uleb128 0xf
 867 020d 63010000 		.4byte	.LASF33
 868 0211 01       		.byte	0x1
 869 0212 1301     		.2byte	0x113
 870 0214 00000000 		.4byte	.LFB6
 871 0218 28000000 		.4byte	.LFE6-.LFB6
 872 021c 01       		.uleb128 0x1
 873 021d 9C       		.byte	0x9c
 874 021e 41020000 		.4byte	0x241
 875 0222 10       		.uleb128 0x10
 876 0223 6B020000 		.4byte	.LASF31
 877 0227 01       		.byte	0x1
 878 0228 1301     		.2byte	0x113
 879 022a 8D000000 		.4byte	0x8d
ARM GAS  C:\Users\HENRYK~1\AppData\Local\Temp\ccEOdti9.s 			page 23


 880 022e 02       		.uleb128 0x2
 881 022f 91       		.byte	0x91
 882 0230 6F       		.sleb128 -17
 883 0231 11       		.uleb128 0x11
 884 0232 AB020000 		.4byte	.LASF32
 885 0236 01       		.byte	0x1
 886 0237 1501     		.2byte	0x115
 887 0239 8D000000 		.4byte	0x8d
 888 023d 02       		.uleb128 0x2
 889 023e 91       		.byte	0x91
 890 023f 77       		.sleb128 -9
 891 0240 00       		.byte	0
 892 0241 12       		.uleb128 0x12
 893 0242 8E010000 		.4byte	.LASF34
 894 0246 01       		.byte	0x1
 895 0247 3501     		.2byte	0x135
 896 0249 00000000 		.4byte	.LFB7
 897 024d E8000000 		.4byte	.LFE7-.LFB7
 898 0251 01       		.uleb128 0x1
 899 0252 9C       		.byte	0x9c
 900 0253 E9020000 		.4byte	0x2e9
 901 0257 13       		.uleb128 0x13
 902 0258 08000000 		.4byte	.LBB2
 903 025c 54000000 		.4byte	.LBE2-.LBB2
 904 0260 14       		.uleb128 0x14
 905 0261 06       		.byte	0x6
 906 0262 01       		.byte	0x1
 907 0263 3E01     		.2byte	0x13e
 908 0265 84020000 		.4byte	0x284
 909 0269 15       		.uleb128 0x15
 910 026a C0010000 		.4byte	.LASF35
 911 026e 01       		.byte	0x1
 912 026f 3F01     		.2byte	0x13f
 913 0271 84000000 		.4byte	0x84
 914 0275 00       		.byte	0
 915 0276 15       		.uleb128 0x15
 916 0277 37010000 		.4byte	.LASF36
 917 027b 01       		.byte	0x1
 918 027c 4001     		.2byte	0x140
 919 027e 99000000 		.4byte	0x99
 920 0282 04       		.byte	0x4
 921 0283 00       		.byte	0
 922 0284 06       		.uleb128 0x6
 923 0285 DF010000 		.4byte	.LASF37
 924 0289 01       		.byte	0x1
 925 028a 4101     		.2byte	0x141
 926 028c 60020000 		.4byte	0x260
 927 0290 16       		.uleb128 0x16
 928 0291 A0020000 		.4byte	0x2a0
 929 0295 A0020000 		.4byte	0x2a0
 930 0299 17       		.uleb128 0x17
 931 029a 7D000000 		.4byte	0x7d
 932 029e 08       		.byte	0x8
 933 029f 00       		.byte	0
 934 02a0 18       		.uleb128 0x18
 935 02a1 84020000 		.4byte	0x284
 936 02a5 11       		.uleb128 0x11
ARM GAS  C:\Users\HENRYK~1\AppData\Local\Temp\ccEOdti9.s 			page 24


 937 02a6 D2000000 		.4byte	.LASF38
 938 02aa 01       		.byte	0x1
 939 02ab 4301     		.2byte	0x143
 940 02ad B7020000 		.4byte	0x2b7
 941 02b1 05       		.uleb128 0x5
 942 02b2 03       		.byte	0x3
 943 02b3 00000000 		.4byte	cfg_memset_list.5021
 944 02b7 18       		.uleb128 0x18
 945 02b8 90020000 		.4byte	0x290
 946 02bc 19       		.uleb128 0x19
 947 02bd 6900     		.ascii	"i\000"
 948 02bf 01       		.byte	0x1
 949 02c0 5001     		.2byte	0x150
 950 02c2 8D000000 		.4byte	0x8d
 951 02c6 02       		.uleb128 0x2
 952 02c7 91       		.byte	0x91
 953 02c8 77       		.sleb128 -9
 954 02c9 13       		.uleb128 0x13
 955 02ca 0E000000 		.4byte	.LBB3
 956 02ce 22000000 		.4byte	.LBE3-.LBB3
 957 02d2 19       		.uleb128 0x19
 958 02d3 6D7300   		.ascii	"ms\000"
 959 02d6 01       		.byte	0x1
 960 02d7 5501     		.2byte	0x155
 961 02d9 E0020000 		.4byte	0x2e0
 962 02dd 02       		.uleb128 0x2
 963 02de 91       		.byte	0x91
 964 02df 70       		.sleb128 -16
 965 02e0 0B       		.uleb128 0xb
 966 02e1 04       		.byte	0x4
 967 02e2 A0020000 		.4byte	0x2a0
 968 02e6 00       		.byte	0
 969 02e7 00       		.byte	0
 970 02e8 00       		.byte	0
 971 02e9 1A       		.uleb128 0x1a
 972 02ea C0020000 		.4byte	.LASF42
 973 02ee 01       		.byte	0x1
 974 02ef 4F       		.byte	0x4f
 975 02f0 25000000 		.4byte	0x25
 976 02f4 00       		.byte	0
 977              		.section	.debug_abbrev,"",%progbits
 978              	.Ldebug_abbrev0:
 979 0000 01       		.uleb128 0x1
 980 0001 11       		.uleb128 0x11
 981 0002 01       		.byte	0x1
 982 0003 25       		.uleb128 0x25
 983 0004 0E       		.uleb128 0xe
 984 0005 13       		.uleb128 0x13
 985 0006 0B       		.uleb128 0xb
 986 0007 03       		.uleb128 0x3
 987 0008 0E       		.uleb128 0xe
 988 0009 1B       		.uleb128 0x1b
 989 000a 0E       		.uleb128 0xe
 990 000b 55       		.uleb128 0x55
 991 000c 17       		.uleb128 0x17
 992 000d 11       		.uleb128 0x11
 993 000e 01       		.uleb128 0x1
ARM GAS  C:\Users\HENRYK~1\AppData\Local\Temp\ccEOdti9.s 			page 25


 994 000f 10       		.uleb128 0x10
 995 0010 17       		.uleb128 0x17
 996 0011 00       		.byte	0
 997 0012 00       		.byte	0
 998 0013 02       		.uleb128 0x2
 999 0014 24       		.uleb128 0x24
 1000 0015 00       		.byte	0
 1001 0016 0B       		.uleb128 0xb
 1002 0017 0B       		.uleb128 0xb
 1003 0018 3E       		.uleb128 0x3e
 1004 0019 0B       		.uleb128 0xb
 1005 001a 03       		.uleb128 0x3
 1006 001b 08       		.uleb128 0x8
 1007 001c 00       		.byte	0
 1008 001d 00       		.byte	0
 1009 001e 03       		.uleb128 0x3
 1010 001f 16       		.uleb128 0x16
 1011 0020 00       		.byte	0
 1012 0021 03       		.uleb128 0x3
 1013 0022 0E       		.uleb128 0xe
 1014 0023 3A       		.uleb128 0x3a
 1015 0024 0B       		.uleb128 0xb
 1016 0025 3B       		.uleb128 0x3b
 1017 0026 0B       		.uleb128 0xb
 1018 0027 49       		.uleb128 0x49
 1019 0028 13       		.uleb128 0x13
 1020 0029 00       		.byte	0
 1021 002a 00       		.byte	0
 1022 002b 04       		.uleb128 0x4
 1023 002c 24       		.uleb128 0x24
 1024 002d 00       		.byte	0
 1025 002e 0B       		.uleb128 0xb
 1026 002f 0B       		.uleb128 0xb
 1027 0030 3E       		.uleb128 0x3e
 1028 0031 0B       		.uleb128 0xb
 1029 0032 03       		.uleb128 0x3
 1030 0033 0E       		.uleb128 0xe
 1031 0034 00       		.byte	0
 1032 0035 00       		.byte	0
 1033 0036 05       		.uleb128 0x5
 1034 0037 0F       		.uleb128 0xf
 1035 0038 00       		.byte	0
 1036 0039 0B       		.uleb128 0xb
 1037 003a 0B       		.uleb128 0xb
 1038 003b 00       		.byte	0
 1039 003c 00       		.byte	0
 1040 003d 06       		.uleb128 0x6
 1041 003e 16       		.uleb128 0x16
 1042 003f 00       		.byte	0
 1043 0040 03       		.uleb128 0x3
 1044 0041 0E       		.uleb128 0xe
 1045 0042 3A       		.uleb128 0x3a
 1046 0043 0B       		.uleb128 0xb
 1047 0044 3B       		.uleb128 0x3b
 1048 0045 05       		.uleb128 0x5
 1049 0046 49       		.uleb128 0x49
 1050 0047 13       		.uleb128 0x13
ARM GAS  C:\Users\HENRYK~1\AppData\Local\Temp\ccEOdti9.s 			page 26


 1051 0048 00       		.byte	0
 1052 0049 00       		.byte	0
 1053 004a 07       		.uleb128 0x7
 1054 004b 35       		.uleb128 0x35
 1055 004c 00       		.byte	0
 1056 004d 49       		.uleb128 0x49
 1057 004e 13       		.uleb128 0x13
 1058 004f 00       		.byte	0
 1059 0050 00       		.byte	0
 1060 0051 08       		.uleb128 0x8
 1061 0052 2E       		.uleb128 0x2e
 1062 0053 01       		.byte	0x1
 1063 0054 03       		.uleb128 0x3
 1064 0055 0E       		.uleb128 0xe
 1065 0056 3A       		.uleb128 0x3a
 1066 0057 0B       		.uleb128 0xb
 1067 0058 3B       		.uleb128 0x3b
 1068 0059 0B       		.uleb128 0xb
 1069 005a 27       		.uleb128 0x27
 1070 005b 19       		.uleb128 0x19
 1071 005c 11       		.uleb128 0x11
 1072 005d 01       		.uleb128 0x1
 1073 005e 12       		.uleb128 0x12
 1074 005f 06       		.uleb128 0x6
 1075 0060 40       		.uleb128 0x40
 1076 0061 18       		.uleb128 0x18
 1077 0062 9642     		.uleb128 0x2116
 1078 0064 19       		.uleb128 0x19
 1079 0065 01       		.uleb128 0x1
 1080 0066 13       		.uleb128 0x13
 1081 0067 00       		.byte	0
 1082 0068 00       		.byte	0
 1083 0069 09       		.uleb128 0x9
 1084 006a 05       		.uleb128 0x5
 1085 006b 00       		.byte	0
 1086 006c 03       		.uleb128 0x3
 1087 006d 08       		.uleb128 0x8
 1088 006e 3A       		.uleb128 0x3a
 1089 006f 0B       		.uleb128 0xb
 1090 0070 3B       		.uleb128 0x3b
 1091 0071 0B       		.uleb128 0xb
 1092 0072 49       		.uleb128 0x49
 1093 0073 13       		.uleb128 0x13
 1094 0074 02       		.uleb128 0x2
 1095 0075 18       		.uleb128 0x18
 1096 0076 00       		.byte	0
 1097 0077 00       		.byte	0
 1098 0078 0A       		.uleb128 0xa
 1099 0079 05       		.uleb128 0x5
 1100 007a 00       		.byte	0
 1101 007b 03       		.uleb128 0x3
 1102 007c 0E       		.uleb128 0xe
 1103 007d 3A       		.uleb128 0x3a
 1104 007e 0B       		.uleb128 0xb
 1105 007f 3B       		.uleb128 0x3b
 1106 0080 0B       		.uleb128 0xb
 1107 0081 49       		.uleb128 0x49
ARM GAS  C:\Users\HENRYK~1\AppData\Local\Temp\ccEOdti9.s 			page 27


 1108 0082 13       		.uleb128 0x13
 1109 0083 02       		.uleb128 0x2
 1110 0084 18       		.uleb128 0x18
 1111 0085 00       		.byte	0
 1112 0086 00       		.byte	0
 1113 0087 0B       		.uleb128 0xb
 1114 0088 0F       		.uleb128 0xf
 1115 0089 00       		.byte	0
 1116 008a 0B       		.uleb128 0xb
 1117 008b 0B       		.uleb128 0xb
 1118 008c 49       		.uleb128 0x49
 1119 008d 13       		.uleb128 0x13
 1120 008e 00       		.byte	0
 1121 008f 00       		.byte	0
 1122 0090 0C       		.uleb128 0xc
 1123 0091 26       		.uleb128 0x26
 1124 0092 00       		.byte	0
 1125 0093 00       		.byte	0
 1126 0094 00       		.byte	0
 1127 0095 0D       		.uleb128 0xd
 1128 0096 2E       		.uleb128 0x2e
 1129 0097 01       		.byte	0x1
 1130 0098 03       		.uleb128 0x3
 1131 0099 0E       		.uleb128 0xe
 1132 009a 3A       		.uleb128 0x3a
 1133 009b 0B       		.uleb128 0xb
 1134 009c 3B       		.uleb128 0x3b
 1135 009d 0B       		.uleb128 0xb
 1136 009e 27       		.uleb128 0x27
 1137 009f 19       		.uleb128 0x19
 1138 00a0 11       		.uleb128 0x11
 1139 00a1 01       		.uleb128 0x1
 1140 00a2 12       		.uleb128 0x12
 1141 00a3 06       		.uleb128 0x6
 1142 00a4 40       		.uleb128 0x40
 1143 00a5 18       		.uleb128 0x18
 1144 00a6 9742     		.uleb128 0x2117
 1145 00a8 19       		.uleb128 0x19
 1146 00a9 01       		.uleb128 0x1
 1147 00aa 13       		.uleb128 0x13
 1148 00ab 00       		.byte	0
 1149 00ac 00       		.byte	0
 1150 00ad 0E       		.uleb128 0xe
 1151 00ae 34       		.uleb128 0x34
 1152 00af 00       		.byte	0
 1153 00b0 03       		.uleb128 0x3
 1154 00b1 0E       		.uleb128 0xe
 1155 00b2 3A       		.uleb128 0x3a
 1156 00b3 0B       		.uleb128 0xb
 1157 00b4 3B       		.uleb128 0x3b
 1158 00b5 0B       		.uleb128 0xb
 1159 00b6 49       		.uleb128 0x49
 1160 00b7 13       		.uleb128 0x13
 1161 00b8 02       		.uleb128 0x2
 1162 00b9 18       		.uleb128 0x18
 1163 00ba 00       		.byte	0
 1164 00bb 00       		.byte	0
ARM GAS  C:\Users\HENRYK~1\AppData\Local\Temp\ccEOdti9.s 			page 28


 1165 00bc 0F       		.uleb128 0xf
 1166 00bd 2E       		.uleb128 0x2e
 1167 00be 01       		.byte	0x1
 1168 00bf 3F       		.uleb128 0x3f
 1169 00c0 19       		.uleb128 0x19
 1170 00c1 03       		.uleb128 0x3
 1171 00c2 0E       		.uleb128 0xe
 1172 00c3 3A       		.uleb128 0x3a
 1173 00c4 0B       		.uleb128 0xb
 1174 00c5 3B       		.uleb128 0x3b
 1175 00c6 05       		.uleb128 0x5
 1176 00c7 27       		.uleb128 0x27
 1177 00c8 19       		.uleb128 0x19
 1178 00c9 11       		.uleb128 0x11
 1179 00ca 01       		.uleb128 0x1
 1180 00cb 12       		.uleb128 0x12
 1181 00cc 06       		.uleb128 0x6
 1182 00cd 40       		.uleb128 0x40
 1183 00ce 18       		.uleb128 0x18
 1184 00cf 9742     		.uleb128 0x2117
 1185 00d1 19       		.uleb128 0x19
 1186 00d2 01       		.uleb128 0x1
 1187 00d3 13       		.uleb128 0x13
 1188 00d4 00       		.byte	0
 1189 00d5 00       		.byte	0
 1190 00d6 10       		.uleb128 0x10
 1191 00d7 05       		.uleb128 0x5
 1192 00d8 00       		.byte	0
 1193 00d9 03       		.uleb128 0x3
 1194 00da 0E       		.uleb128 0xe
 1195 00db 3A       		.uleb128 0x3a
 1196 00dc 0B       		.uleb128 0xb
 1197 00dd 3B       		.uleb128 0x3b
 1198 00de 05       		.uleb128 0x5
 1199 00df 49       		.uleb128 0x49
 1200 00e0 13       		.uleb128 0x13
 1201 00e1 02       		.uleb128 0x2
 1202 00e2 18       		.uleb128 0x18
 1203 00e3 00       		.byte	0
 1204 00e4 00       		.byte	0
 1205 00e5 11       		.uleb128 0x11
 1206 00e6 34       		.uleb128 0x34
 1207 00e7 00       		.byte	0
 1208 00e8 03       		.uleb128 0x3
 1209 00e9 0E       		.uleb128 0xe
 1210 00ea 3A       		.uleb128 0x3a
 1211 00eb 0B       		.uleb128 0xb
 1212 00ec 3B       		.uleb128 0x3b
 1213 00ed 05       		.uleb128 0x5
 1214 00ee 49       		.uleb128 0x49
 1215 00ef 13       		.uleb128 0x13
 1216 00f0 02       		.uleb128 0x2
 1217 00f1 18       		.uleb128 0x18
 1218 00f2 00       		.byte	0
 1219 00f3 00       		.byte	0
 1220 00f4 12       		.uleb128 0x12
 1221 00f5 2E       		.uleb128 0x2e
ARM GAS  C:\Users\HENRYK~1\AppData\Local\Temp\ccEOdti9.s 			page 29


 1222 00f6 01       		.byte	0x1
 1223 00f7 3F       		.uleb128 0x3f
 1224 00f8 19       		.uleb128 0x19
 1225 00f9 03       		.uleb128 0x3
 1226 00fa 0E       		.uleb128 0xe
 1227 00fb 3A       		.uleb128 0x3a
 1228 00fc 0B       		.uleb128 0xb
 1229 00fd 3B       		.uleb128 0x3b
 1230 00fe 05       		.uleb128 0x5
 1231 00ff 27       		.uleb128 0x27
 1232 0100 19       		.uleb128 0x19
 1233 0101 11       		.uleb128 0x11
 1234 0102 01       		.uleb128 0x1
 1235 0103 12       		.uleb128 0x12
 1236 0104 06       		.uleb128 0x6
 1237 0105 40       		.uleb128 0x40
 1238 0106 18       		.uleb128 0x18
 1239 0107 9642     		.uleb128 0x2116
 1240 0109 19       		.uleb128 0x19
 1241 010a 01       		.uleb128 0x1
 1242 010b 13       		.uleb128 0x13
 1243 010c 00       		.byte	0
 1244 010d 00       		.byte	0
 1245 010e 13       		.uleb128 0x13
 1246 010f 0B       		.uleb128 0xb
 1247 0110 01       		.byte	0x1
 1248 0111 11       		.uleb128 0x11
 1249 0112 01       		.uleb128 0x1
 1250 0113 12       		.uleb128 0x12
 1251 0114 06       		.uleb128 0x6
 1252 0115 00       		.byte	0
 1253 0116 00       		.byte	0
 1254 0117 14       		.uleb128 0x14
 1255 0118 13       		.uleb128 0x13
 1256 0119 01       		.byte	0x1
 1257 011a 0B       		.uleb128 0xb
 1258 011b 0B       		.uleb128 0xb
 1259 011c 3A       		.uleb128 0x3a
 1260 011d 0B       		.uleb128 0xb
 1261 011e 3B       		.uleb128 0x3b
 1262 011f 05       		.uleb128 0x5
 1263 0120 01       		.uleb128 0x1
 1264 0121 13       		.uleb128 0x13
 1265 0122 00       		.byte	0
 1266 0123 00       		.byte	0
 1267 0124 15       		.uleb128 0x15
 1268 0125 0D       		.uleb128 0xd
 1269 0126 00       		.byte	0
 1270 0127 03       		.uleb128 0x3
 1271 0128 0E       		.uleb128 0xe
 1272 0129 3A       		.uleb128 0x3a
 1273 012a 0B       		.uleb128 0xb
 1274 012b 3B       		.uleb128 0x3b
 1275 012c 05       		.uleb128 0x5
 1276 012d 49       		.uleb128 0x49
 1277 012e 13       		.uleb128 0x13
 1278 012f 38       		.uleb128 0x38
ARM GAS  C:\Users\HENRYK~1\AppData\Local\Temp\ccEOdti9.s 			page 30


 1279 0130 0B       		.uleb128 0xb
 1280 0131 00       		.byte	0
 1281 0132 00       		.byte	0
 1282 0133 16       		.uleb128 0x16
 1283 0134 01       		.uleb128 0x1
 1284 0135 01       		.byte	0x1
 1285 0136 49       		.uleb128 0x49
 1286 0137 13       		.uleb128 0x13
 1287 0138 01       		.uleb128 0x1
 1288 0139 13       		.uleb128 0x13
 1289 013a 00       		.byte	0
 1290 013b 00       		.byte	0
 1291 013c 17       		.uleb128 0x17
 1292 013d 21       		.uleb128 0x21
 1293 013e 00       		.byte	0
 1294 013f 49       		.uleb128 0x49
 1295 0140 13       		.uleb128 0x13
 1296 0141 2F       		.uleb128 0x2f
 1297 0142 0B       		.uleb128 0xb
 1298 0143 00       		.byte	0
 1299 0144 00       		.byte	0
 1300 0145 18       		.uleb128 0x18
 1301 0146 26       		.uleb128 0x26
 1302 0147 00       		.byte	0
 1303 0148 49       		.uleb128 0x49
 1304 0149 13       		.uleb128 0x13
 1305 014a 00       		.byte	0
 1306 014b 00       		.byte	0
 1307 014c 19       		.uleb128 0x19
 1308 014d 34       		.uleb128 0x34
 1309 014e 00       		.byte	0
 1310 014f 03       		.uleb128 0x3
 1311 0150 08       		.uleb128 0x8
 1312 0151 3A       		.uleb128 0x3a
 1313 0152 0B       		.uleb128 0xb
 1314 0153 3B       		.uleb128 0x3b
 1315 0154 05       		.uleb128 0x5
 1316 0155 49       		.uleb128 0x49
 1317 0156 13       		.uleb128 0x13
 1318 0157 02       		.uleb128 0x2
 1319 0158 18       		.uleb128 0x18
 1320 0159 00       		.byte	0
 1321 015a 00       		.byte	0
 1322 015b 1A       		.uleb128 0x1a
 1323 015c 34       		.uleb128 0x34
 1324 015d 00       		.byte	0
 1325 015e 03       		.uleb128 0x3
 1326 015f 0E       		.uleb128 0xe
 1327 0160 3A       		.uleb128 0x3a
 1328 0161 0B       		.uleb128 0xb
 1329 0162 3B       		.uleb128 0x3b
 1330 0163 0B       		.uleb128 0xb
 1331 0164 49       		.uleb128 0x49
 1332 0165 13       		.uleb128 0x13
 1333 0166 3F       		.uleb128 0x3f
 1334 0167 19       		.uleb128 0x19
 1335 0168 3C       		.uleb128 0x3c
ARM GAS  C:\Users\HENRYK~1\AppData\Local\Temp\ccEOdti9.s 			page 31


 1336 0169 19       		.uleb128 0x19
 1337 016a 00       		.byte	0
 1338 016b 00       		.byte	0
 1339 016c 00       		.byte	0
 1340              		.section	.debug_aranges,"",%progbits
 1341 0000 54000000 		.4byte	0x54
 1342 0004 0200     		.2byte	0x2
 1343 0006 00000000 		.4byte	.Ldebug_info0
 1344 000a 04       		.byte	0x4
 1345 000b 00       		.byte	0
 1346 000c 0000     		.2byte	0
 1347 000e 0000     		.2byte	0
 1348 0010 00000000 		.4byte	.LFB0
 1349 0014 1C000000 		.4byte	.LFE0-.LFB0
 1350 0018 00000000 		.4byte	.LFB1
 1351 001c 1E000000 		.4byte	.LFE1-.LFB1
 1352 0020 00000000 		.4byte	.LFB2
 1353 0024 1E000000 		.4byte	.LFE2-.LFB2
 1354 0028 00000000 		.4byte	.LFB3
 1355 002c 0C000000 		.4byte	.LFE3-.LFB3
 1356 0030 00000000 		.4byte	.LFB4
 1357 0034 F4000000 		.4byte	.LFE4-.LFB4
 1358 0038 00000000 		.4byte	.LFB5
 1359 003c 44000000 		.4byte	.LFE5-.LFB5
 1360 0040 00000000 		.4byte	.LFB6
 1361 0044 28000000 		.4byte	.LFE6-.LFB6
 1362 0048 00000000 		.4byte	.LFB7
 1363 004c E8000000 		.4byte	.LFE7-.LFB7
 1364 0050 00000000 		.4byte	0
 1365 0054 00000000 		.4byte	0
 1366              		.section	.debug_ranges,"",%progbits
 1367              	.Ldebug_ranges0:
 1368 0000 00000000 		.4byte	.LFB0
 1369 0004 1C000000 		.4byte	.LFE0
 1370 0008 00000000 		.4byte	.LFB1
 1371 000c 1E000000 		.4byte	.LFE1
 1372 0010 00000000 		.4byte	.LFB2
 1373 0014 1E000000 		.4byte	.LFE2
 1374 0018 00000000 		.4byte	.LFB3
 1375 001c 0C000000 		.4byte	.LFE3
 1376 0020 00000000 		.4byte	.LFB4
 1377 0024 F4000000 		.4byte	.LFE4
 1378 0028 00000000 		.4byte	.LFB5
 1379 002c 44000000 		.4byte	.LFE5
 1380 0030 00000000 		.4byte	.LFB6
 1381 0034 28000000 		.4byte	.LFE6
 1382 0038 00000000 		.4byte	.LFB7
 1383 003c E8000000 		.4byte	.LFE7
 1384 0040 00000000 		.4byte	0
 1385 0044 00000000 		.4byte	0
 1386              		.section	.debug_line,"",%progbits
 1387              	.Ldebug_line0:
 1388 0000 BA010000 		.section	.debug_str,"MS",%progbits,1
 1388      0200CB00 
 1388      00000201 
 1388      FB0E0D00 
 1388      01010101 
ARM GAS  C:\Users\HENRYK~1\AppData\Local\Temp\ccEOdti9.s 			page 32


 1389              	.LASF19:
 1390 0000 72656731 		.ascii	"reg16\000"
 1390      3600
 1391              	.LASF12:
 1392 0006 73697A65 		.ascii	"size_t\000"
 1392      5F7400
 1393              	.LASF39:
 1394 000d 474E5520 		.ascii	"GNU C11 5.4.1 20160609 (release) [ARM/embedded-5-br"
 1394      43313120 
 1394      352E342E 
 1394      31203230 
 1394      31363036 
 1395 0040 616E6368 		.ascii	"anch revision 237715] -mcpu=cortex-m3 -mthumb -g -O"
 1395      20726576 
 1395      6973696F 
 1395      6E203233 
 1395      37373135 
 1396 0073 30202D66 		.ascii	"0 -ffunction-sections -ffat-lto-objects\000"
 1396      66756E63 
 1396      74696F6E 
 1396      2D736563 
 1396      74696F6E 
 1397              	.LASF29:
 1398 009b 416E616C 		.ascii	"AnalogSetDefault\000"
 1398      6F675365 
 1398      74446566 
 1398      61756C74 
 1398      00
 1399              	.LASF40:
 1400 00ac 47656E65 		.ascii	"Generated_Source\\PSoC5\\cyfitter_cfg.c\000"
 1400      72617465 
 1400      645F536F 
 1400      75726365 
 1400      5C50536F 
 1401              	.LASF38:
 1402 00d2 6366675F 		.ascii	"cfg_memset_list\000"
 1402      6D656D73 
 1402      65745F6C 
 1402      69737400 
 1403              	.LASF23:
 1404 00e2 4359434F 		.ascii	"CYCONFIGCPYCODE\000"
 1404      4E464947 
 1404      43505943 
 1404      4F444500 
 1405              	.LASF26:
 1406 00f2 436C6F63 		.ascii	"ClockSetup\000"
 1406      6B536574 
 1406      757000
 1407              	.LASF6:
 1408 00fd 73686F72 		.ascii	"short unsigned int\000"
 1408      7420756E 
 1408      7369676E 
 1408      65642069 
 1408      6E7400
 1409              	.LASF28:
 1410 0110 706C6C4C 		.ascii	"pllLock\000"
 1410      6F636B00 
ARM GAS  C:\Users\HENRYK~1\AppData\Local\Temp\ccEOdti9.s 			page 33


 1411              	.LASF16:
 1412 0118 666C6F61 		.ascii	"float\000"
 1412      7400
 1413              	.LASF24:
 1414 011e 4379436C 		.ascii	"CyClockStartupError\000"
 1414      6F636B53 
 1414      74617274 
 1414      75704572 
 1414      726F7200 
 1415              	.LASF22:
 1416 0132 64657374 		.ascii	"dest\000"
 1416      00
 1417              	.LASF36:
 1418 0137 73697A65 		.ascii	"size\000"
 1418      00
 1419              	.LASF18:
 1420 013c 72656738 		.ascii	"reg8\000"
 1420      00
 1421              	.LASF8:
 1422 0141 6C6F6E67 		.ascii	"long unsigned int\000"
 1422      20756E73 
 1422      69676E65 
 1422      6420696E 
 1422      7400
 1423              	.LASF13:
 1424 0153 75696E74 		.ascii	"uint8\000"
 1424      3800
 1425              	.LASF20:
 1426 0159 43594D45 		.ascii	"CYMEMZERO\000"
 1426      4D5A4552 
 1426      4F00
 1427              	.LASF33:
 1428 0163 53657441 		.ascii	"SetAnalogRoutingPumps\000"
 1428      6E616C6F 
 1428      67526F75 
 1428      74696E67 
 1428      50756D70 
 1429              	.LASF4:
 1430 0179 756E7369 		.ascii	"unsigned char\000"
 1430      676E6564 
 1430      20636861 
 1430      7200
 1431              	.LASF17:
 1432 0187 646F7562 		.ascii	"double\000"
 1432      6C6500
 1433              	.LASF34:
 1434 018e 63796669 		.ascii	"cyfitter_cfg\000"
 1434      74746572 
 1434      5F636667 
 1434      00
 1435              	.LASF14:
 1436 019b 75696E74 		.ascii	"uint16\000"
 1436      313600
 1437              	.LASF25:
 1438 01a2 6572726F 		.ascii	"errorCode\000"
 1438      72436F64 
 1438      6500
ARM GAS  C:\Users\HENRYK~1\AppData\Local\Temp\ccEOdti9.s 			page 34


 1439              	.LASF15:
 1440 01ac 75696E74 		.ascii	"uint32\000"
 1440      333200
 1441              	.LASF0:
 1442 01b3 756E7369 		.ascii	"unsigned int\000"
 1442      676E6564 
 1442      20696E74 
 1442      00
 1443              	.LASF35:
 1444 01c0 61646472 		.ascii	"address\000"
 1444      65737300 
 1445              	.LASF9:
 1446 01c8 6C6F6E67 		.ascii	"long long unsigned int\000"
 1446      206C6F6E 
 1446      6720756E 
 1446      7369676E 
 1446      65642069 
 1447              	.LASF37:
 1448 01df 6366675F 		.ascii	"cfg_memset_t\000"
 1448      6D656D73 
 1448      65745F74 
 1448      00
 1449              	.LASF10:
 1450 01ec 73697A65 		.ascii	"sizetype\000"
 1450      74797065 
 1450      00
 1451              	.LASF1:
 1452 01f5 6C6F6E67 		.ascii	"long long int\000"
 1452      206C6F6E 
 1452      6720696E 
 1452      7400
 1453              	.LASF27:
 1454 0203 74696D65 		.ascii	"timeout\000"
 1454      6F757400 
 1455              	.LASF5:
 1456 020b 73686F72 		.ascii	"short int\000"
 1456      7420696E 
 1456      7400
 1457              	.LASF41:
 1458 0215 433A5C55 		.ascii	"C:\\Users\\Henry Kou\\Documents\\PSoC Creator\\Eige"
 1458      73657273 
 1458      5C48656E 
 1458      7279204B 
 1458      6F755C44 
 1459 0243 6E626F61 		.ascii	"nboard_bootloading\\blinkLED_Eigen.cydsn\000"
 1459      72645F62 
 1459      6F6F746C 
 1459      6F616469 
 1459      6E675C62 
 1460              	.LASF31:
 1461 026b 656E6162 		.ascii	"enabled\000"
 1461      6C656400 
 1462              	.LASF7:
 1463 0273 6C6F6E67 		.ascii	"long int\000"
 1463      20696E74 
 1463      00
 1464              	.LASF11:
ARM GAS  C:\Users\HENRYK~1\AppData\Local\Temp\ccEOdti9.s 			page 35


 1465 027c 63686172 		.ascii	"char\000"
 1465      00
 1466              	.LASF2:
 1467 0281 6C6F6E67 		.ascii	"long double\000"
 1467      20646F75 
 1467      626C6500 
 1468              	.LASF30:
 1469 028d 62675F78 		.ascii	"bg_xover_inl_trim\000"
 1469      6F766572 
 1469      5F696E6C 
 1469      5F747269 
 1469      6D00
 1470              	.LASF3:
 1471 029f 7369676E 		.ascii	"signed char\000"
 1471      65642063 
 1471      68617200 
 1472              	.LASF32:
 1473 02ab 72656756 		.ascii	"regValue\000"
 1473      616C7565 
 1473      00
 1474              	.LASF21:
 1475 02b4 4359434F 		.ascii	"CYCONFIGCPY\000"
 1475      4E464947 
 1475      43505900 
 1476              	.LASF42:
 1477 02c0 43595F45 		.ascii	"CY_ECC_OFFSET\000"
 1477      43435F4F 
 1477      46465345 
 1477      5400
 1478              		.ident	"GCC: (GNU Tools for ARM Embedded Processors) 5.4.1 20160609 (release) [ARM/embedded-5-bran
