ARM GAS  C:\Users\HENRYK~1\AppData\Local\Temp\ccqbhCYO.s 			page 1


   1              		.syntax unified
   2              		.cpu cortex-m3
   3              		.fpu softvfp
   4              		.eabi_attribute 20, 1
   5              		.eabi_attribute 21, 1
   6              		.eabi_attribute 23, 3
   7              		.eabi_attribute 24, 1
   8              		.eabi_attribute 25, 1
   9              		.eabi_attribute 26, 1
  10              		.eabi_attribute 30, 6
  11              		.eabi_attribute 34, 1
  12              		.eabi_attribute 18, 4
  13              		.thumb
  14              		.syntax unified
  15              		.file	"main.c"
  16              		.text
  17              	.Ltext0:
  18              		.cfi_sections	.debug_frame
  19              		.section	.text.main,"ax",%progbits
  20              		.align	2
  21              		.global	main
  22              		.thumb
  23              		.thumb_func
  24              		.type	main, %function
  25              	main:
  26              	.LFB63:
  27              		.file 1 "main.c"
   1:main.c        **** /*******************************************************************************
   2:main.c        **** * File Name: main.c  
   3:main.c        **** * Version 1.10
   4:main.c        **** *
   5:main.c        **** * Description:
   6:main.c        **** *  Contains the main.c function.
   7:main.c        **** *
   8:main.c        **** *
   9:main.c        **** *******************************************************************************
  10:main.c        **** * Copyright 2013-2017, Cypress Semiconductor Corporation.  All rights reserved.
  11:main.c        **** * You may use this file only in accordance with the license, terms, conditions, 
  12:main.c        **** * disclaimers, and limitations in the end user license agreement accompanying 
  13:main.c        **** * the software package with which this file was provided.
  14:main.c        **** ********************************************************************************/
  15:main.c        **** 
  16:main.c        **** #include <project.h>
  17:main.c        **** 
  18:main.c        **** 
  19:main.c        **** /*
  20:main.c        **** CY_ISR(SWPin_Control)
  21:main.c        **** {
  22:main.c        ****     if(InputPin_Read() == 1u)
  23:main.c        ****     {
  24:main.c        ****         OutputPinSW_Write(0u);
  25:main.c        ****     }
  26:main.c        ****     else
  27:main.c        ****     {
  28:main.c        ****         OutputPinSW_Write(1u);
  29:main.c        ****     }
  30:main.c        ****     
ARM GAS  C:\Users\HENRYK~1\AppData\Local\Temp\ccqbhCYO.s 			page 2


  31:main.c        ****     InputPin_ClearInterrupt();
  32:main.c        **** }
  33:main.c        ****  */
  34:main.c        **** 
  35:main.c        **** int main()
  36:main.c        **** {
  28              		.loc 1 36 0
  29              		.cfi_startproc
  30              		@ args = 0, pretend = 0, frame = 8
  31              		@ frame_needed = 1, uses_anonymous_args = 0
  32 0000 80B5     		push	{r7, lr}
  33              		.cfi_def_cfa_offset 8
  34              		.cfi_offset 7, -8
  35              		.cfi_offset 14, -4
  36 0002 82B0     		sub	sp, sp, #8
  37              		.cfi_def_cfa_offset 16
  38 0004 00AF     		add	r7, sp, #0
  39              		.cfi_def_cfa_register 7
  37:main.c        ****     //InputInterrupt_StartEx(SWPin_Control);
  38:main.c        **** 	int cnt = 500;
  40              		.loc 1 38 0
  41 0006 4FF4FA73 		mov	r3, #500
  42 000a 3B60     		str	r3, [r7]
  43              	.L4:
  39:main.c        **** 	//CyGlobalIntEnable;
  40:main.c        **** 	for(;;){
  41:main.c        **** 		Output_Pin_Blue_Write(1);
  44              		.loc 1 41 0
  45 000c 0120     		movs	r0, #1
  46 000e FFF7FEFF 		bl	Output_Pin_Blue_Write
  47              	.LBB2:
  42:main.c        **** 		for(int i = 0; i < cnt; i++)
  48              		.loc 1 42 0
  49 0012 0023     		movs	r3, #0
  50 0014 7B60     		str	r3, [r7, #4]
  51 0016 05E0     		b	.L2
  52              	.L3:
  43:main.c        ****         {
  44:main.c        **** 		    CyDelay(1);
  53              		.loc 1 44 0 discriminator 3
  54 0018 0120     		movs	r0, #1
  55 001a FFF7FEFF 		bl	CyDelay
  42:main.c        **** 		for(int i = 0; i < cnt; i++)
  56              		.loc 1 42 0 discriminator 3
  57 001e 7B68     		ldr	r3, [r7, #4]
  58 0020 0133     		adds	r3, r3, #1
  59 0022 7B60     		str	r3, [r7, #4]
  60              	.L2:
  42:main.c        **** 		for(int i = 0; i < cnt; i++)
  61              		.loc 1 42 0 is_stmt 0 discriminator 1
  62 0024 7A68     		ldr	r2, [r7, #4]
  63 0026 3B68     		ldr	r3, [r7]
  64 0028 9A42     		cmp	r2, r3
  65 002a F5DB     		blt	.L3
  66              	.LBE2:
  45:main.c        ****         }
  46:main.c        **** 		Output_Pin_Blue_Write(0);
ARM GAS  C:\Users\HENRYK~1\AppData\Local\Temp\ccqbhCYO.s 			page 3


  67              		.loc 1 46 0 is_stmt 1
  68 002c 0020     		movs	r0, #0
  69 002e FFF7FEFF 		bl	Output_Pin_Blue_Write
  47:main.c        ****         CyDelay(cnt);		
  70              		.loc 1 47 0
  71 0032 3B68     		ldr	r3, [r7]
  72 0034 1846     		mov	r0, r3
  73 0036 FFF7FEFF 		bl	CyDelay
  48:main.c        **** 	}
  74              		.loc 1 48 0
  75 003a E7E7     		b	.L4
  76              		.cfi_endproc
  77              	.LFE63:
  78              		.size	main, .-main
  79              		.text
  80              	.Letext0:
  81              		.file 2 "c:\\program files (x86)\\cypress\\psoc creator\\4.2\\psoc creator\\import\\gnu\\arm\\5.4.
  82              		.file 3 "c:\\program files (x86)\\cypress\\psoc creator\\4.2\\psoc creator\\import\\gnu\\arm\\5.4.
  83              		.file 4 "Generated_Source\\PSoC5/core_cm3.h"
  84              		.section	.debug_info,"",%progbits
  85              	.Ldebug_info0:
  86 0000 F0000000 		.4byte	0xf0
  87 0004 0400     		.2byte	0x4
  88 0006 00000000 		.4byte	.Ldebug_abbrev0
  89 000a 04       		.byte	0x4
  90 000b 01       		.uleb128 0x1
  91 000c B9000000 		.4byte	.LASF16
  92 0010 0C       		.byte	0xc
  93 0011 71000000 		.4byte	.LASF17
  94 0015 0E000000 		.4byte	.LASF18
  95 0019 00000000 		.4byte	.Ldebug_ranges0+0
  96 001d 00000000 		.4byte	0
  97 0021 00000000 		.4byte	.Ldebug_line0
  98 0025 02       		.uleb128 0x2
  99 0026 01       		.byte	0x1
 100 0027 06       		.byte	0x6
 101 0028 77010000 		.4byte	.LASF0
 102 002c 02       		.uleb128 0x2
 103 002d 01       		.byte	0x1
 104 002e 08       		.byte	0x8
 105 002f 47010000 		.4byte	.LASF1
 106 0033 02       		.uleb128 0x2
 107 0034 02       		.byte	0x2
 108 0035 05       		.byte	0x5
 109 0036 9F010000 		.4byte	.LASF2
 110 003a 02       		.uleb128 0x2
 111 003b 02       		.byte	0x2
 112 003c 07       		.byte	0x7
 113 003d A6000000 		.4byte	.LASF3
 114 0041 03       		.uleb128 0x3
 115 0042 8F010000 		.4byte	.LASF9
 116 0046 02       		.byte	0x2
 117 0047 3F       		.byte	0x3f
 118 0048 4C000000 		.4byte	0x4c
 119 004c 02       		.uleb128 0x2
 120 004d 04       		.byte	0x4
 121 004e 05       		.byte	0x5
ARM GAS  C:\Users\HENRYK~1\AppData\Local\Temp\ccqbhCYO.s 			page 4


 122 004f 5A010000 		.4byte	.LASF4
 123 0053 02       		.uleb128 0x2
 124 0054 04       		.byte	0x4
 125 0055 07       		.byte	0x7
 126 0056 7D000000 		.4byte	.LASF5
 127 005a 02       		.uleb128 0x2
 128 005b 08       		.byte	0x8
 129 005c 05       		.byte	0x5
 130 005d 00000000 		.4byte	.LASF6
 131 0061 02       		.uleb128 0x2
 132 0062 08       		.byte	0x8
 133 0063 07       		.byte	0x7
 134 0064 8F000000 		.4byte	.LASF7
 135 0068 04       		.uleb128 0x4
 136 0069 04       		.byte	0x4
 137 006a 05       		.byte	0x5
 138 006b 696E7400 		.ascii	"int\000"
 139 006f 02       		.uleb128 0x2
 140 0070 04       		.byte	0x4
 141 0071 07       		.byte	0x7
 142 0072 64000000 		.4byte	.LASF8
 143 0076 03       		.uleb128 0x3
 144 0077 A9010000 		.4byte	.LASF10
 145 007b 03       		.byte	0x3
 146 007c 2C       		.byte	0x2c
 147 007d 41000000 		.4byte	0x41
 148 0081 02       		.uleb128 0x2
 149 0082 04       		.byte	0x4
 150 0083 04       		.byte	0x4
 151 0084 99010000 		.4byte	.LASF11
 152 0088 02       		.uleb128 0x2
 153 0089 08       		.byte	0x8
 154 008a 04       		.byte	0x4
 155 008b 63010000 		.4byte	.LASF12
 156 008f 02       		.uleb128 0x2
 157 0090 01       		.byte	0x1
 158 0091 08       		.byte	0x8
 159 0092 55010000 		.4byte	.LASF13
 160 0096 02       		.uleb128 0x2
 161 0097 08       		.byte	0x8
 162 0098 04       		.byte	0x4
 163 0099 83010000 		.4byte	.LASF14
 164 009d 02       		.uleb128 0x2
 165 009e 04       		.byte	0x4
 166 009f 07       		.byte	0x7
 167 00a0 B1010000 		.4byte	.LASF15
 168 00a4 05       		.uleb128 0x5
 169 00a5 78000000 		.4byte	.LASF19
 170 00a9 01       		.byte	0x1
 171 00aa 23       		.byte	0x23
 172 00ab 68000000 		.4byte	0x68
 173 00af 00000000 		.4byte	.LFB63
 174 00b3 3C000000 		.4byte	.LFE63-.LFB63
 175 00b7 01       		.uleb128 0x1
 176 00b8 9C       		.byte	0x9c
 177 00b9 E2000000 		.4byte	0xe2
 178 00bd 06       		.uleb128 0x6
ARM GAS  C:\Users\HENRYK~1\AppData\Local\Temp\ccqbhCYO.s 			page 5


 179 00be 636E7400 		.ascii	"cnt\000"
 180 00c2 01       		.byte	0x1
 181 00c3 26       		.byte	0x26
 182 00c4 68000000 		.4byte	0x68
 183 00c8 02       		.uleb128 0x2
 184 00c9 91       		.byte	0x91
 185 00ca 70       		.sleb128 -16
 186 00cb 07       		.uleb128 0x7
 187 00cc 12000000 		.4byte	.LBB2
 188 00d0 1A000000 		.4byte	.LBE2-.LBB2
 189 00d4 06       		.uleb128 0x6
 190 00d5 6900     		.ascii	"i\000"
 191 00d7 01       		.byte	0x1
 192 00d8 2A       		.byte	0x2a
 193 00d9 68000000 		.4byte	0x68
 194 00dd 02       		.uleb128 0x2
 195 00de 91       		.byte	0x91
 196 00df 74       		.sleb128 -12
 197 00e0 00       		.byte	0
 198 00e1 00       		.byte	0
 199 00e2 08       		.uleb128 0x8
 200 00e3 6A010000 		.4byte	.LASF20
 201 00e7 04       		.byte	0x4
 202 00e8 1207     		.2byte	0x712
 203 00ea EE000000 		.4byte	0xee
 204 00ee 09       		.uleb128 0x9
 205 00ef 76000000 		.4byte	0x76
 206 00f3 00       		.byte	0
 207              		.section	.debug_abbrev,"",%progbits
 208              	.Ldebug_abbrev0:
 209 0000 01       		.uleb128 0x1
 210 0001 11       		.uleb128 0x11
 211 0002 01       		.byte	0x1
 212 0003 25       		.uleb128 0x25
 213 0004 0E       		.uleb128 0xe
 214 0005 13       		.uleb128 0x13
 215 0006 0B       		.uleb128 0xb
 216 0007 03       		.uleb128 0x3
 217 0008 0E       		.uleb128 0xe
 218 0009 1B       		.uleb128 0x1b
 219 000a 0E       		.uleb128 0xe
 220 000b 55       		.uleb128 0x55
 221 000c 17       		.uleb128 0x17
 222 000d 11       		.uleb128 0x11
 223 000e 01       		.uleb128 0x1
 224 000f 10       		.uleb128 0x10
 225 0010 17       		.uleb128 0x17
 226 0011 00       		.byte	0
 227 0012 00       		.byte	0
 228 0013 02       		.uleb128 0x2
 229 0014 24       		.uleb128 0x24
 230 0015 00       		.byte	0
 231 0016 0B       		.uleb128 0xb
 232 0017 0B       		.uleb128 0xb
 233 0018 3E       		.uleb128 0x3e
 234 0019 0B       		.uleb128 0xb
 235 001a 03       		.uleb128 0x3
ARM GAS  C:\Users\HENRYK~1\AppData\Local\Temp\ccqbhCYO.s 			page 6


 236 001b 0E       		.uleb128 0xe
 237 001c 00       		.byte	0
 238 001d 00       		.byte	0
 239 001e 03       		.uleb128 0x3
 240 001f 16       		.uleb128 0x16
 241 0020 00       		.byte	0
 242 0021 03       		.uleb128 0x3
 243 0022 0E       		.uleb128 0xe
 244 0023 3A       		.uleb128 0x3a
 245 0024 0B       		.uleb128 0xb
 246 0025 3B       		.uleb128 0x3b
 247 0026 0B       		.uleb128 0xb
 248 0027 49       		.uleb128 0x49
 249 0028 13       		.uleb128 0x13
 250 0029 00       		.byte	0
 251 002a 00       		.byte	0
 252 002b 04       		.uleb128 0x4
 253 002c 24       		.uleb128 0x24
 254 002d 00       		.byte	0
 255 002e 0B       		.uleb128 0xb
 256 002f 0B       		.uleb128 0xb
 257 0030 3E       		.uleb128 0x3e
 258 0031 0B       		.uleb128 0xb
 259 0032 03       		.uleb128 0x3
 260 0033 08       		.uleb128 0x8
 261 0034 00       		.byte	0
 262 0035 00       		.byte	0
 263 0036 05       		.uleb128 0x5
 264 0037 2E       		.uleb128 0x2e
 265 0038 01       		.byte	0x1
 266 0039 3F       		.uleb128 0x3f
 267 003a 19       		.uleb128 0x19
 268 003b 03       		.uleb128 0x3
 269 003c 0E       		.uleb128 0xe
 270 003d 3A       		.uleb128 0x3a
 271 003e 0B       		.uleb128 0xb
 272 003f 3B       		.uleb128 0x3b
 273 0040 0B       		.uleb128 0xb
 274 0041 49       		.uleb128 0x49
 275 0042 13       		.uleb128 0x13
 276 0043 11       		.uleb128 0x11
 277 0044 01       		.uleb128 0x1
 278 0045 12       		.uleb128 0x12
 279 0046 06       		.uleb128 0x6
 280 0047 40       		.uleb128 0x40
 281 0048 18       		.uleb128 0x18
 282 0049 9642     		.uleb128 0x2116
 283 004b 19       		.uleb128 0x19
 284 004c 01       		.uleb128 0x1
 285 004d 13       		.uleb128 0x13
 286 004e 00       		.byte	0
 287 004f 00       		.byte	0
 288 0050 06       		.uleb128 0x6
 289 0051 34       		.uleb128 0x34
 290 0052 00       		.byte	0
 291 0053 03       		.uleb128 0x3
 292 0054 08       		.uleb128 0x8
ARM GAS  C:\Users\HENRYK~1\AppData\Local\Temp\ccqbhCYO.s 			page 7


 293 0055 3A       		.uleb128 0x3a
 294 0056 0B       		.uleb128 0xb
 295 0057 3B       		.uleb128 0x3b
 296 0058 0B       		.uleb128 0xb
 297 0059 49       		.uleb128 0x49
 298 005a 13       		.uleb128 0x13
 299 005b 02       		.uleb128 0x2
 300 005c 18       		.uleb128 0x18
 301 005d 00       		.byte	0
 302 005e 00       		.byte	0
 303 005f 07       		.uleb128 0x7
 304 0060 0B       		.uleb128 0xb
 305 0061 01       		.byte	0x1
 306 0062 11       		.uleb128 0x11
 307 0063 01       		.uleb128 0x1
 308 0064 12       		.uleb128 0x12
 309 0065 06       		.uleb128 0x6
 310 0066 00       		.byte	0
 311 0067 00       		.byte	0
 312 0068 08       		.uleb128 0x8
 313 0069 34       		.uleb128 0x34
 314 006a 00       		.byte	0
 315 006b 03       		.uleb128 0x3
 316 006c 0E       		.uleb128 0xe
 317 006d 3A       		.uleb128 0x3a
 318 006e 0B       		.uleb128 0xb
 319 006f 3B       		.uleb128 0x3b
 320 0070 05       		.uleb128 0x5
 321 0071 49       		.uleb128 0x49
 322 0072 13       		.uleb128 0x13
 323 0073 3F       		.uleb128 0x3f
 324 0074 19       		.uleb128 0x19
 325 0075 3C       		.uleb128 0x3c
 326 0076 19       		.uleb128 0x19
 327 0077 00       		.byte	0
 328 0078 00       		.byte	0
 329 0079 09       		.uleb128 0x9
 330 007a 35       		.uleb128 0x35
 331 007b 00       		.byte	0
 332 007c 49       		.uleb128 0x49
 333 007d 13       		.uleb128 0x13
 334 007e 00       		.byte	0
 335 007f 00       		.byte	0
 336 0080 00       		.byte	0
 337              		.section	.debug_aranges,"",%progbits
 338 0000 1C000000 		.4byte	0x1c
 339 0004 0200     		.2byte	0x2
 340 0006 00000000 		.4byte	.Ldebug_info0
 341 000a 04       		.byte	0x4
 342 000b 00       		.byte	0
 343 000c 0000     		.2byte	0
 344 000e 0000     		.2byte	0
 345 0010 00000000 		.4byte	.LFB63
 346 0014 3C000000 		.4byte	.LFE63-.LFB63
 347 0018 00000000 		.4byte	0
 348 001c 00000000 		.4byte	0
 349              		.section	.debug_ranges,"",%progbits
ARM GAS  C:\Users\HENRYK~1\AppData\Local\Temp\ccqbhCYO.s 			page 8


 350              	.Ldebug_ranges0:
 351 0000 00000000 		.4byte	.LFB63
 352 0004 3C000000 		.4byte	.LFE63
 353 0008 00000000 		.4byte	0
 354 000c 00000000 		.4byte	0
 355              		.section	.debug_line,"",%progbits
 356              	.Ldebug_line0:
 357 0000 6B010000 		.section	.debug_str,"MS",%progbits,1
 357      02003F01 
 357      00000201 
 357      FB0E0D00 
 357      01010101 
 358              	.LASF6:
 359 0000 6C6F6E67 		.ascii	"long long int\000"
 359      206C6F6E 
 359      6720696E 
 359      7400
 360              	.LASF18:
 361 000e 433A5C55 		.ascii	"C:\\Users\\Henry Kou\\Documents\\PSoC Creator\\Eige"
 361      73657273 
 361      5C48656E 
 361      7279204B 
 361      6F755C44 
 362 003c 6E626F61 		.ascii	"nboard_bootloading\\blinkLED_Eigen.cydsn\000"
 362      72645F62 
 362      6F6F746C 
 362      6F616469 
 362      6E675C62 
 363              	.LASF8:
 364 0064 756E7369 		.ascii	"unsigned int\000"
 364      676E6564 
 364      20696E74 
 364      00
 365              	.LASF17:
 366 0071 6D61696E 		.ascii	"main.c\000"
 366      2E6300
 367              	.LASF19:
 368 0078 6D61696E 		.ascii	"main\000"
 368      00
 369              	.LASF5:
 370 007d 6C6F6E67 		.ascii	"long unsigned int\000"
 370      20756E73 
 370      69676E65 
 370      6420696E 
 370      7400
 371              	.LASF7:
 372 008f 6C6F6E67 		.ascii	"long long unsigned int\000"
 372      206C6F6E 
 372      6720756E 
 372      7369676E 
 372      65642069 
 373              	.LASF3:
 374 00a6 73686F72 		.ascii	"short unsigned int\000"
 374      7420756E 
 374      7369676E 
 374      65642069 
 374      6E7400
ARM GAS  C:\Users\HENRYK~1\AppData\Local\Temp\ccqbhCYO.s 			page 9


 375              	.LASF16:
 376 00b9 474E5520 		.ascii	"GNU C11 5.4.1 20160609 (release) [ARM/embedded-5-br"
 376      43313120 
 376      352E342E 
 376      31203230 
 376      31363036 
 377 00ec 616E6368 		.ascii	"anch revision 237715] -mcpu=cortex-m3 -mthumb -g -O"
 377      20726576 
 377      6973696F 
 377      6E203233 
 377      37373135 
 378 011f 30202D66 		.ascii	"0 -ffunction-sections -ffat-lto-objects\000"
 378      66756E63 
 378      74696F6E 
 378      2D736563 
 378      74696F6E 
 379              	.LASF1:
 380 0147 756E7369 		.ascii	"unsigned char\000"
 380      676E6564 
 380      20636861 
 380      7200
 381              	.LASF13:
 382 0155 63686172 		.ascii	"char\000"
 382      00
 383              	.LASF4:
 384 015a 6C6F6E67 		.ascii	"long int\000"
 384      20696E74 
 384      00
 385              	.LASF12:
 386 0163 646F7562 		.ascii	"double\000"
 386      6C6500
 387              	.LASF20:
 388 016a 49544D5F 		.ascii	"ITM_RxBuffer\000"
 388      52784275 
 388      66666572 
 388      00
 389              	.LASF0:
 390 0177 7369676E 		.ascii	"signed char\000"
 390      65642063 
 390      68617200 
 391              	.LASF14:
 392 0183 6C6F6E67 		.ascii	"long double\000"
 392      20646F75 
 392      626C6500 
 393              	.LASF9:
 394 018f 5F5F696E 		.ascii	"__int32_t\000"
 394      7433325F 
 394      7400
 395              	.LASF11:
 396 0199 666C6F61 		.ascii	"float\000"
 396      7400
 397              	.LASF2:
 398 019f 73686F72 		.ascii	"short int\000"
 398      7420696E 
 398      7400
 399              	.LASF10:
 400 01a9 696E7433 		.ascii	"int32_t\000"
ARM GAS  C:\Users\HENRYK~1\AppData\Local\Temp\ccqbhCYO.s 			page 10


 400      325F7400 
 401              	.LASF15:
 402 01b1 73697A65 		.ascii	"sizetype\000"
 402      74797065 
 402      00
 403              		.ident	"GCC: (GNU Tools for ARM Embedded Processors) 5.4.1 20160609 (release) [ARM/embedded-5-bran
